The system is: Linux - 5.15.0-105-generic - x86_64
Compiling the CXX compiler identification source file "CMakeCXXCompilerId.cpp" succeeded.
Compiler: /usr/bin/c++ 
Build flags: 
Id flags:  

The output was:
0


Compilation of the CXX compiler identification source "CMakeCXXCompilerId.cpp" produced "a.out"

The CXX compiler identification is GNU, found in "/home/lauri/Documents/inteplas/build/CMakeFiles/3.22.1/CompilerIdCXX/a.out"

Detecting CXX compiler ABI info compiled with the following output:
Change Dir: /home/lauri/Documents/inteplas/build/CMakeFiles/CMakeTmp

Run Build Command(s):/usr/bin/gmake -f Makefile cmTC_e709c/fast && /usr/bin/gmake  -f CMakeFiles/cmTC_e709c.dir/build.make CMakeFiles/cmTC_e709c.dir/build
gmake[1]: Entering directory '/home/lauri/Documents/inteplas/build/CMakeFiles/CMakeTmp'
Building CXX object CMakeFiles/cmTC_e709c.dir/CMakeCXXCompilerABI.cpp.o
/usr/bin/c++   -v -std=gnu++20 -o CMakeFiles/cmTC_e709c.dir/CMakeCXXCompilerABI.cpp.o -c /usr/share/cmake-3.22/Modules/CMakeCXXCompilerABI.cpp
Using built-in specs.
COLLECT_GCC=/usr/bin/c++
OFFLOAD_TARGET_NAMES=nvptx-none:amdgcn-amdhsa
OFFLOAD_TARGET_DEFAULT=1
Target: x86_64-linux-gnu
Configured with: ../src/configure -v --with-pkgversion='Ubuntu 11.4.0-1ubuntu1~22.04' --with-bugurl=file:///usr/share/doc/gcc-11/README.Bugs --enable-languages=c,ada,c++,go,brig,d,fortran,objc,obj-c++,m2 --prefix=/usr --with-gcc-major-version-only --program-suffix=-11 --program-prefix=x86_64-linux-gnu- --enable-shared --enable-linker-build-id --libexecdir=/usr/lib --without-included-gettext --enable-threads=posix --libdir=/usr/lib --enable-nls --enable-bootstrap --enable-clocale=gnu --enable-libstdcxx-debug --enable-libstdcxx-time=yes --with-default-libstdcxx-abi=new --enable-gnu-unique-object --disable-vtable-verify --enable-plugin --enable-default-pie --with-system-zlib --enable-libphobos-checking=release --with-target-system-zlib=auto --enable-objc-gc=auto --enable-multiarch --disable-werror --enable-cet --with-arch-32=i686 --with-abi=m64 --with-multilib-list=m32,m64,mx32 --enable-multilib --with-tune=generic --enable-offload-targets=nvptx-none=/build/gcc-11-XeT9lY/gcc-11-11.4.0/debian/tmp-nvptx/usr,amdgcn-amdhsa=/build/gcc-11-XeT9lY/gcc-11-11.4.0/debian/tmp-gcn/usr --without-cuda-driver --enable-checking=release --build=x86_64-linux-gnu --host=x86_64-linux-gnu --target=x86_64-linux-gnu --with-build-config=bootstrap-lto-lean --enable-link-serialization=2
Thread model: posix
Supported LTO compression algorithms: zlib zstd
gcc version 11.4.0 (Ubuntu 11.4.0-1ubuntu1~22.04) 
COLLECT_GCC_OPTIONS='-v' '-std=gnu++20' '-o' 'CMakeFiles/cmTC_e709c.dir/CMakeCXXCompilerABI.cpp.o' '-c' '-shared-libgcc' '-mtune=generic' '-march=x86-64' '-dumpdir' 'CMakeFiles/cmTC_e709c.dir/'
 /usr/lib/gcc/x86_64-linux-gnu/11/cc1plus -quiet -v -imultiarch x86_64-linux-gnu -D_GNU_SOURCE /usr/share/cmake-3.22/Modules/CMakeCXXCompilerABI.cpp -quiet -dumpdir CMakeFiles/cmTC_e709c.dir/ -dumpbase CMakeCXXCompilerABI.cpp.cpp -dumpbase-ext .cpp -mtune=generic -march=x86-64 -std=gnu++20 -version -fasynchronous-unwind-tables -fstack-protector-strong -Wformat -Wformat-security -fstack-clash-protection -fcf-protection -o /tmp/ccwU5VZ4.s
GNU C++20 (Ubuntu 11.4.0-1ubuntu1~22.04) version 11.4.0 (x86_64-linux-gnu)
	compiled by GNU C version 11.4.0, GMP version 6.2.1, MPFR version 4.1.0, MPC version 1.2.1, isl version isl-0.24-GMP

GGC heuristics: --param ggc-min-expand=100 --param ggc-min-heapsize=131072
ignoring duplicate directory "/usr/include/x86_64-linux-gnu/c++/11"
ignoring nonexistent directory "/usr/local/include/x86_64-linux-gnu"
ignoring nonexistent directory "/usr/lib/gcc/x86_64-linux-gnu/11/include-fixed"
ignoring nonexistent directory "/usr/lib/gcc/x86_64-linux-gnu/11/../../../../x86_64-linux-gnu/include"
#include "..." search starts here:
#include <...> search starts here:
 /usr/include/c++/11
 /usr/include/x86_64-linux-gnu/c++/11
 /usr/include/c++/11/backward
 /usr/lib/gcc/x86_64-linux-gnu/11/include
 /usr/local/include
 /usr/include/x86_64-linux-gnu
 /usr/include
End of search list.
GNU C++20 (Ubuntu 11.4.0-1ubuntu1~22.04) version 11.4.0 (x86_64-linux-gnu)
	compiled by GNU C version 11.4.0, GMP version 6.2.1, MPFR version 4.1.0, MPC version 1.2.1, isl version isl-0.24-GMP

GGC heuristics: --param ggc-min-expand=100 --param ggc-min-heapsize=131072
Compiler executable checksum: d591828bb4d392ae8b7b160e5bb0b95f
COLLECT_GCC_OPTIONS='-v' '-std=gnu++20' '-o' 'CMakeFiles/cmTC_e709c.dir/CMakeCXXCompilerABI.cpp.o' '-c' '-shared-libgcc' '-mtune=generic' '-march=x86-64' '-dumpdir' 'CMakeFiles/cmTC_e709c.dir/'
 as -v --64 -o CMakeFiles/cmTC_e709c.dir/CMakeCXXCompilerABI.cpp.o /tmp/ccwU5VZ4.s
GNU assembler version 2.38 (x86_64-linux-gnu) using BFD version (GNU Binutils for Ubuntu) 2.38
COMPILER_PATH=/usr/lib/gcc/x86_64-linux-gnu/11/:/usr/lib/gcc/x86_64-linux-gnu/11/:/usr/lib/gcc/x86_64-linux-gnu/:/usr/lib/gcc/x86_64-linux-gnu/11/:/usr/lib/gcc/x86_64-linux-gnu/
LIBRARY_PATH=/usr/lib/gcc/x86_64-linux-gnu/11/:/usr/lib/gcc/x86_64-linux-gnu/11/../../../x86_64-linux-gnu/:/usr/lib/gcc/x86_64-linux-gnu/11/../../../../lib/:/lib/x86_64-linux-gnu/:/lib/../lib/:/usr/lib/x86_64-linux-gnu/:/usr/lib/../lib/:/usr/lib/gcc/x86_64-linux-gnu/11/../../../:/lib/:/usr/lib/
COLLECT_GCC_OPTIONS='-v' '-std=gnu++20' '-o' 'CMakeFiles/cmTC_e709c.dir/CMakeCXXCompilerABI.cpp.o' '-c' '-shared-libgcc' '-mtune=generic' '-march=x86-64' '-dumpdir' 'CMakeFiles/cmTC_e709c.dir/CMakeCXXCompilerABI.cpp.'
Linking CXX executable cmTC_e709c
/usr/bin/cmake -E cmake_link_script CMakeFiles/cmTC_e709c.dir/link.txt --verbose=1
/usr/bin/c++  -v CMakeFiles/cmTC_e709c.dir/CMakeCXXCompilerABI.cpp.o -o cmTC_e709c 
Using built-in specs.
COLLECT_GCC=/usr/bin/c++
COLLECT_LTO_WRAPPER=/usr/lib/gcc/x86_64-linux-gnu/11/lto-wrapper
OFFLOAD_TARGET_NAMES=nvptx-none:amdgcn-amdhsa
OFFLOAD_TARGET_DEFAULT=1
Target: x86_64-linux-gnu
Configured with: ../src/configure -v --with-pkgversion='Ubuntu 11.4.0-1ubuntu1~22.04' --with-bugurl=file:///usr/share/doc/gcc-11/README.Bugs --enable-languages=c,ada,c++,go,brig,d,fortran,objc,obj-c++,m2 --prefix=/usr --with-gcc-major-version-only --program-suffix=-11 --program-prefix=x86_64-linux-gnu- --enable-shared --enable-linker-build-id --libexecdir=/usr/lib --without-included-gettext --enable-threads=posix --libdir=/usr/lib --enable-nls --enable-bootstrap --enable-clocale=gnu --enable-libstdcxx-debug --enable-libstdcxx-time=yes --with-default-libstdcxx-abi=new --enable-gnu-unique-object --disable-vtable-verify --enable-plugin --enable-default-pie --with-system-zlib --enable-libphobos-checking=release --with-target-system-zlib=auto --enable-objc-gc=auto --enable-multiarch --disable-werror --enable-cet --with-arch-32=i686 --with-abi=m64 --with-multilib-list=m32,m64,mx32 --enable-multilib --with-tune=generic --enable-offload-targets=nvptx-none=/build/gcc-11-XeT9lY/gcc-11-11.4.0/debian/tmp-nvptx/usr,amdgcn-amdhsa=/build/gcc-11-XeT9lY/gcc-11-11.4.0/debian/tmp-gcn/usr --without-cuda-driver --enable-checking=release --build=x86_64-linux-gnu --host=x86_64-linux-gnu --target=x86_64-linux-gnu --with-build-config=bootstrap-lto-lean --enable-link-serialization=2
Thread model: posix
Supported LTO compression algorithms: zlib zstd
gcc version 11.4.0 (Ubuntu 11.4.0-1ubuntu1~22.04) 
COMPILER_PATH=/usr/lib/gcc/x86_64-linux-gnu/11/:/usr/lib/gcc/x86_64-linux-gnu/11/:/usr/lib/gcc/x86_64-linux-gnu/:/usr/lib/gcc/x86_64-linux-gnu/11/:/usr/lib/gcc/x86_64-linux-gnu/
LIBRARY_PATH=/usr/lib/gcc/x86_64-linux-gnu/11/:/usr/lib/gcc/x86_64-linux-gnu/11/../../../x86_64-linux-gnu/:/usr/lib/gcc/x86_64-linux-gnu/11/../../../../lib/:/lib/x86_64-linux-gnu/:/lib/../lib/:/usr/lib/x86_64-linux-gnu/:/usr/lib/../lib/:/usr/lib/gcc/x86_64-linux-gnu/11/../../../:/lib/:/usr/lib/
COLLECT_GCC_OPTIONS='-v' '-o' 'cmTC_e709c' '-shared-libgcc' '-mtune=generic' '-march=x86-64' '-dumpdir' 'cmTC_e709c.'
 /usr/lib/gcc/x86_64-linux-gnu/11/collect2 -plugin /usr/lib/gcc/x86_64-linux-gnu/11/liblto_plugin.so -plugin-opt=/usr/lib/gcc/x86_64-linux-gnu/11/lto-wrapper -plugin-opt=-fresolution=/tmp/cco3loKT.res -plugin-opt=-pass-through=-lgcc_s -plugin-opt=-pass-through=-lgcc -plugin-opt=-pass-through=-lc -plugin-opt=-pass-through=-lgcc_s -plugin-opt=-pass-through=-lgcc --build-id --eh-frame-hdr -m elf_x86_64 --hash-style=gnu --as-needed -dynamic-linker /lib64/ld-linux-x86-64.so.2 -pie -z now -z relro -o cmTC_e709c /usr/lib/gcc/x86_64-linux-gnu/11/../../../x86_64-linux-gnu/Scrt1.o /usr/lib/gcc/x86_64-linux-gnu/11/../../../x86_64-linux-gnu/crti.o /usr/lib/gcc/x86_64-linux-gnu/11/crtbeginS.o -L/usr/lib/gcc/x86_64-linux-gnu/11 -L/usr/lib/gcc/x86_64-linux-gnu/11/../../../x86_64-linux-gnu -L/usr/lib/gcc/x86_64-linux-gnu/11/../../../../lib -L/lib/x86_64-linux-gnu -L/lib/../lib -L/usr/lib/x86_64-linux-gnu -L/usr/lib/../lib -L/usr/lib/gcc/x86_64-linux-gnu/11/../../.. CMakeFiles/cmTC_e709c.dir/CMakeCXXCompilerABI.cpp.o -lstdc++ -lm -lgcc_s -lgcc -lc -lgcc_s -lgcc /usr/lib/gcc/x86_64-linux-gnu/11/crtendS.o /usr/lib/gcc/x86_64-linux-gnu/11/../../../x86_64-linux-gnu/crtn.o
COLLECT_GCC_OPTIONS='-v' '-o' 'cmTC_e709c' '-shared-libgcc' '-mtune=generic' '-march=x86-64' '-dumpdir' 'cmTC_e709c.'
gmake[1]: Leaving directory '/home/lauri/Documents/inteplas/build/CMakeFiles/CMakeTmp'



Parsed CXX implicit include dir info from above output: rv=done
  found start of include info
  found start of implicit include info
    add: [/usr/include/c++/11]
    add: [/usr/include/x86_64-linux-gnu/c++/11]
    add: [/usr/include/c++/11/backward]
    add: [/usr/lib/gcc/x86_64-linux-gnu/11/include]
    add: [/usr/local/include]
    add: [/usr/include/x86_64-linux-gnu]
    add: [/usr/include]
  end of search list found
  collapse include dir [/usr/include/c++/11] ==> [/usr/include/c++/11]
  collapse include dir [/usr/include/x86_64-linux-gnu/c++/11] ==> [/usr/include/x86_64-linux-gnu/c++/11]
  collapse include dir [/usr/include/c++/11/backward] ==> [/usr/include/c++/11/backward]
  collapse include dir [/usr/lib/gcc/x86_64-linux-gnu/11/include] ==> [/usr/lib/gcc/x86_64-linux-gnu/11/include]
  collapse include dir [/usr/local/include] ==> [/usr/local/include]
  collapse include dir [/usr/include/x86_64-linux-gnu] ==> [/usr/include/x86_64-linux-gnu]
  collapse include dir [/usr/include] ==> [/usr/include]
  implicit include dirs: [/usr/include/c++/11;/usr/include/x86_64-linux-gnu/c++/11;/usr/include/c++/11/backward;/usr/lib/gcc/x86_64-linux-gnu/11/include;/usr/local/include;/usr/include/x86_64-linux-gnu;/usr/include]


Parsed CXX implicit link information from above output:
  link line regex: [^( *|.*[/\])(ld|CMAKE_LINK_STARTFILE-NOTFOUND|([^/\]+-)?ld|collect2)[^/\]*( |$)]
  ignore line: [Change Dir: /home/lauri/Documents/inteplas/build/CMakeFiles/CMakeTmp]
  ignore line: []
  ignore line: [Run Build Command(s):/usr/bin/gmake -f Makefile cmTC_e709c/fast && /usr/bin/gmake  -f CMakeFiles/cmTC_e709c.dir/build.make CMakeFiles/cmTC_e709c.dir/build]
  ignore line: [gmake[1]: Entering directory '/home/lauri/Documents/inteplas/build/CMakeFiles/CMakeTmp']
  ignore line: [Building CXX object CMakeFiles/cmTC_e709c.dir/CMakeCXXCompilerABI.cpp.o]
  ignore line: [/usr/bin/c++   -v -std=gnu++20 -o CMakeFiles/cmTC_e709c.dir/CMakeCXXCompilerABI.cpp.o -c /usr/share/cmake-3.22/Modules/CMakeCXXCompilerABI.cpp]
  ignore line: [Using built-in specs.]
  ignore line: [COLLECT_GCC=/usr/bin/c++]
  ignore line: [OFFLOAD_TARGET_NAMES=nvptx-none:amdgcn-amdhsa]
  ignore line: [OFFLOAD_TARGET_DEFAULT=1]
  ignore line: [Target: x86_64-linux-gnu]
  ignore line: [Configured with: ../src/configure -v --with-pkgversion='Ubuntu 11.4.0-1ubuntu1~22.04' --with-bugurl=file:///usr/share/doc/gcc-11/README.Bugs --enable-languages=c ada c++ go brig d fortran objc obj-c++ m2 --prefix=/usr --with-gcc-major-version-only --program-suffix=-11 --program-prefix=x86_64-linux-gnu- --enable-shared --enable-linker-build-id --libexecdir=/usr/lib --without-included-gettext --enable-threads=posix --libdir=/usr/lib --enable-nls --enable-bootstrap --enable-clocale=gnu --enable-libstdcxx-debug --enable-libstdcxx-time=yes --with-default-libstdcxx-abi=new --enable-gnu-unique-object --disable-vtable-verify --enable-plugin --enable-default-pie --with-system-zlib --enable-libphobos-checking=release --with-target-system-zlib=auto --enable-objc-gc=auto --enable-multiarch --disable-werror --enable-cet --with-arch-32=i686 --with-abi=m64 --with-multilib-list=m32 m64 mx32 --enable-multilib --with-tune=generic --enable-offload-targets=nvptx-none=/build/gcc-11-XeT9lY/gcc-11-11.4.0/debian/tmp-nvptx/usr amdgcn-amdhsa=/build/gcc-11-XeT9lY/gcc-11-11.4.0/debian/tmp-gcn/usr --without-cuda-driver --enable-checking=release --build=x86_64-linux-gnu --host=x86_64-linux-gnu --target=x86_64-linux-gnu --with-build-config=bootstrap-lto-lean --enable-link-serialization=2]
  ignore line: [Thread model: posix]
  ignore line: [Supported LTO compression algorithms: zlib zstd]
  ignore line: [gcc version 11.4.0 (Ubuntu 11.4.0-1ubuntu1~22.04) ]
  ignore line: [COLLECT_GCC_OPTIONS='-v' '-std=gnu++20' '-o' 'CMakeFiles/cmTC_e709c.dir/CMakeCXXCompilerABI.cpp.o' '-c' '-shared-libgcc' '-mtune=generic' '-march=x86-64' '-dumpdir' 'CMakeFiles/cmTC_e709c.dir/']
  ignore line: [ /usr/lib/gcc/x86_64-linux-gnu/11/cc1plus -quiet -v -imultiarch x86_64-linux-gnu -D_GNU_SOURCE /usr/share/cmake-3.22/Modules/CMakeCXXCompilerABI.cpp -quiet -dumpdir CMakeFiles/cmTC_e709c.dir/ -dumpbase CMakeCXXCompilerABI.cpp.cpp -dumpbase-ext .cpp -mtune=generic -march=x86-64 -std=gnu++20 -version -fasynchronous-unwind-tables -fstack-protector-strong -Wformat -Wformat-security -fstack-clash-protection -fcf-protection -o /tmp/ccwU5VZ4.s]
  ignore line: [GNU C++20 (Ubuntu 11.4.0-1ubuntu1~22.04) version 11.4.0 (x86_64-linux-gnu)]
  ignore line: [	compiled by GNU C version 11.4.0  GMP version 6.2.1  MPFR version 4.1.0  MPC version 1.2.1  isl version isl-0.24-GMP]
  ignore line: []
  ignore line: [GGC heuristics: --param ggc-min-expand=100 --param ggc-min-heapsize=131072]
  ignore line: [ignoring duplicate directory "/usr/include/x86_64-linux-gnu/c++/11"]
  ignore line: [ignoring nonexistent directory "/usr/local/include/x86_64-linux-gnu"]
  ignore line: [ignoring nonexistent directory "/usr/lib/gcc/x86_64-linux-gnu/11/include-fixed"]
  ignore line: [ignoring nonexistent directory "/usr/lib/gcc/x86_64-linux-gnu/11/../../../../x86_64-linux-gnu/include"]
  ignore line: [#include "..." search starts here:]
  ignore line: [#include <...> search starts here:]
  ignore line: [ /usr/include/c++/11]
  ignore line: [ /usr/include/x86_64-linux-gnu/c++/11]
  ignore line: [ /usr/include/c++/11/backward]
  ignore line: [ /usr/lib/gcc/x86_64-linux-gnu/11/include]
  ignore line: [ /usr/local/include]
  ignore line: [ /usr/include/x86_64-linux-gnu]
  ignore line: [ /usr/include]
  ignore line: [End of search list.]
  ignore line: [GNU C++20 (Ubuntu 11.4.0-1ubuntu1~22.04) version 11.4.0 (x86_64-linux-gnu)]
  ignore line: [	compiled by GNU C version 11.4.0  GMP version 6.2.1  MPFR version 4.1.0  MPC version 1.2.1  isl version isl-0.24-GMP]
  ignore line: []
  ignore line: [GGC heuristics: --param ggc-min-expand=100 --param ggc-min-heapsize=131072]
  ignore line: [Compiler executable checksum: d591828bb4d392ae8b7b160e5bb0b95f]
  ignore line: [COLLECT_GCC_OPTIONS='-v' '-std=gnu++20' '-o' 'CMakeFiles/cmTC_e709c.dir/CMakeCXXCompilerABI.cpp.o' '-c' '-shared-libgcc' '-mtune=generic' '-march=x86-64' '-dumpdir' 'CMakeFiles/cmTC_e709c.dir/']
  ignore line: [ as -v --64 -o CMakeFiles/cmTC_e709c.dir/CMakeCXXCompilerABI.cpp.o /tmp/ccwU5VZ4.s]
  ignore line: [GNU assembler version 2.38 (x86_64-linux-gnu) using BFD version (GNU Binutils for Ubuntu) 2.38]
  ignore line: [COMPILER_PATH=/usr/lib/gcc/x86_64-linux-gnu/11/:/usr/lib/gcc/x86_64-linux-gnu/11/:/usr/lib/gcc/x86_64-linux-gnu/:/usr/lib/gcc/x86_64-linux-gnu/11/:/usr/lib/gcc/x86_64-linux-gnu/]
  ignore line: [LIBRARY_PATH=/usr/lib/gcc/x86_64-linux-gnu/11/:/usr/lib/gcc/x86_64-linux-gnu/11/../../../x86_64-linux-gnu/:/usr/lib/gcc/x86_64-linux-gnu/11/../../../../lib/:/lib/x86_64-linux-gnu/:/lib/../lib/:/usr/lib/x86_64-linux-gnu/:/usr/lib/../lib/:/usr/lib/gcc/x86_64-linux-gnu/11/../../../:/lib/:/usr/lib/]
  ignore line: [COLLECT_GCC_OPTIONS='-v' '-std=gnu++20' '-o' 'CMakeFiles/cmTC_e709c.dir/CMakeCXXCompilerABI.cpp.o' '-c' '-shared-libgcc' '-mtune=generic' '-march=x86-64' '-dumpdir' 'CMakeFiles/cmTC_e709c.dir/CMakeCXXCompilerABI.cpp.']
  ignore line: [Linking CXX executable cmTC_e709c]
  ignore line: [/usr/bin/cmake -E cmake_link_script CMakeFiles/cmTC_e709c.dir/link.txt --verbose=1]
  ignore line: [/usr/bin/c++  -v CMakeFiles/cmTC_e709c.dir/CMakeCXXCompilerABI.cpp.o -o cmTC_e709c ]
  ignore line: [Using built-in specs.]
  ignore line: [COLLECT_GCC=/usr/bin/c++]
  ignore line: [COLLECT_LTO_WRAPPER=/usr/lib/gcc/x86_64-linux-gnu/11/lto-wrapper]
  ignore line: [OFFLOAD_TARGET_NAMES=nvptx-none:amdgcn-amdhsa]
  ignore line: [OFFLOAD_TARGET_DEFAULT=1]
  ignore line: [Target: x86_64-linux-gnu]
  ignore line: [Configured with: ../src/configure -v --with-pkgversion='Ubuntu 11.4.0-1ubuntu1~22.04' --with-bugurl=file:///usr/share/doc/gcc-11/README.Bugs --enable-languages=c ada c++ go brig d fortran objc obj-c++ m2 --prefix=/usr --with-gcc-major-version-only --program-suffix=-11 --program-prefix=x86_64-linux-gnu- --enable-shared --enable-linker-build-id --libexecdir=/usr/lib --without-included-gettext --enable-threads=posix --libdir=/usr/lib --enable-nls --enable-bootstrap --enable-clocale=gnu --enable-libstdcxx-debug --enable-libstdcxx-time=yes --with-default-libstdcxx-abi=new --enable-gnu-unique-object --disable-vtable-verify --enable-plugin --enable-default-pie --with-system-zlib --enable-libphobos-checking=release --with-target-system-zlib=auto --enable-objc-gc=auto --enable-multiarch --disable-werror --enable-cet --with-arch-32=i686 --with-abi=m64 --with-multilib-list=m32 m64 mx32 --enable-multilib --with-tune=generic --enable-offload-targets=nvptx-none=/build/gcc-11-XeT9lY/gcc-11-11.4.0/debian/tmp-nvptx/usr amdgcn-amdhsa=/build/gcc-11-XeT9lY/gcc-11-11.4.0/debian/tmp-gcn/usr --without-cuda-driver --enable-checking=release --build=x86_64-linux-gnu --host=x86_64-linux-gnu --target=x86_64-linux-gnu --with-build-config=bootstrap-lto-lean --enable-link-serialization=2]
  ignore line: [Thread model: posix]
  ignore line: [Supported LTO compression algorithms: zlib zstd]
  ignore line: [gcc version 11.4.0 (Ubuntu 11.4.0-1ubuntu1~22.04) ]
  ignore line: [COMPILER_PATH=/usr/lib/gcc/x86_64-linux-gnu/11/:/usr/lib/gcc/x86_64-linux-gnu/11/:/usr/lib/gcc/x86_64-linux-gnu/:/usr/lib/gcc/x86_64-linux-gnu/11/:/usr/lib/gcc/x86_64-linux-gnu/]
  ignore line: [LIBRARY_PATH=/usr/lib/gcc/x86_64-linux-gnu/11/:/usr/lib/gcc/x86_64-linux-gnu/11/../../../x86_64-linux-gnu/:/usr/lib/gcc/x86_64-linux-gnu/11/../../../../lib/:/lib/x86_64-linux-gnu/:/lib/../lib/:/usr/lib/x86_64-linux-gnu/:/usr/lib/../lib/:/usr/lib/gcc/x86_64-linux-gnu/11/../../../:/lib/:/usr/lib/]
  ignore line: [COLLECT_GCC_OPTIONS='-v' '-o' 'cmTC_e709c' '-shared-libgcc' '-mtune=generic' '-march=x86-64' '-dumpdir' 'cmTC_e709c.']
  link line: [ /usr/lib/gcc/x86_64-linux-gnu/11/collect2 -plugin /usr/lib/gcc/x86_64-linux-gnu/11/liblto_plugin.so -plugin-opt=/usr/lib/gcc/x86_64-linux-gnu/11/lto-wrapper -plugin-opt=-fresolution=/tmp/cco3loKT.res -plugin-opt=-pass-through=-lgcc_s -plugin-opt=-pass-through=-lgcc -plugin-opt=-pass-through=-lc -plugin-opt=-pass-through=-lgcc_s -plugin-opt=-pass-through=-lgcc --build-id --eh-frame-hdr -m elf_x86_64 --hash-style=gnu --as-needed -dynamic-linker /lib64/ld-linux-x86-64.so.2 -pie -z now -z relro -o cmTC_e709c /usr/lib/gcc/x86_64-linux-gnu/11/../../../x86_64-linux-gnu/Scrt1.o /usr/lib/gcc/x86_64-linux-gnu/11/../../../x86_64-linux-gnu/crti.o /usr/lib/gcc/x86_64-linux-gnu/11/crtbeginS.o -L/usr/lib/gcc/x86_64-linux-gnu/11 -L/usr/lib/gcc/x86_64-linux-gnu/11/../../../x86_64-linux-gnu -L/usr/lib/gcc/x86_64-linux-gnu/11/../../../../lib -L/lib/x86_64-linux-gnu -L/lib/../lib -L/usr/lib/x86_64-linux-gnu -L/usr/lib/../lib -L/usr/lib/gcc/x86_64-linux-gnu/11/../../.. CMakeFiles/cmTC_e709c.dir/CMakeCXXCompilerABI.cpp.o -lstdc++ -lm -lgcc_s -lgcc -lc -lgcc_s -lgcc /usr/lib/gcc/x86_64-linux-gnu/11/crtendS.o /usr/lib/gcc/x86_64-linux-gnu/11/../../../x86_64-linux-gnu/crtn.o]
    arg [/usr/lib/gcc/x86_64-linux-gnu/11/collect2] ==> ignore
    arg [-plugin] ==> ignore
    arg [/usr/lib/gcc/x86_64-linux-gnu/11/liblto_plugin.so] ==> ignore
    arg [-plugin-opt=/usr/lib/gcc/x86_64-linux-gnu/11/lto-wrapper] ==> ignore
    arg [-plugin-opt=-fresolution=/tmp/cco3loKT.res] ==> ignore
    arg [-plugin-opt=-pass-through=-lgcc_s] ==> ignore
    arg [-plugin-opt=-pass-through=-lgcc] ==> ignore
    arg [-plugin-opt=-pass-through=-lc] ==> ignore
    arg [-plugin-opt=-pass-through=-lgcc_s] ==> ignore
    arg [-plugin-opt=-pass-through=-lgcc] ==> ignore
    arg [--build-id] ==> ignore
    arg [--eh-frame-hdr] ==> ignore
    arg [-m] ==> ignore
    arg [elf_x86_64] ==> ignore
    arg [--hash-style=gnu] ==> ignore
    arg [--as-needed] ==> ignore
    arg [-dynamic-linker] ==> ignore
    arg [/lib64/ld-linux-x86-64.so.2] ==> ignore
    arg [-pie] ==> ignore
    arg [-znow] ==> ignore
    arg [-zrelro] ==> ignore
    arg [-o] ==> ignore
    arg [cmTC_e709c] ==> ignore
    arg [/usr/lib/gcc/x86_64-linux-gnu/11/../../../x86_64-linux-gnu/Scrt1.o] ==> obj [/usr/lib/gcc/x86_64-linux-gnu/11/../../../x86_64-linux-gnu/Scrt1.o]
    arg [/usr/lib/gcc/x86_64-linux-gnu/11/../../../x86_64-linux-gnu/crti.o] ==> obj [/usr/lib/gcc/x86_64-linux-gnu/11/../../../x86_64-linux-gnu/crti.o]
    arg [/usr/lib/gcc/x86_64-linux-gnu/11/crtbeginS.o] ==> obj [/usr/lib/gcc/x86_64-linux-gnu/11/crtbeginS.o]
    arg [-L/usr/lib/gcc/x86_64-linux-gnu/11] ==> dir [/usr/lib/gcc/x86_64-linux-gnu/11]
    arg [-L/usr/lib/gcc/x86_64-linux-gnu/11/../../../x86_64-linux-gnu] ==> dir [/usr/lib/gcc/x86_64-linux-gnu/11/../../../x86_64-linux-gnu]
    arg [-L/usr/lib/gcc/x86_64-linux-gnu/11/../../../../lib] ==> dir [/usr/lib/gcc/x86_64-linux-gnu/11/../../../../lib]
    arg [-L/lib/x86_64-linux-gnu] ==> dir [/lib/x86_64-linux-gnu]
    arg [-L/lib/../lib] ==> dir [/lib/../lib]
    arg [-L/usr/lib/x86_64-linux-gnu] ==> dir [/usr/lib/x86_64-linux-gnu]
    arg [-L/usr/lib/../lib] ==> dir [/usr/lib/../lib]
    arg [-L/usr/lib/gcc/x86_64-linux-gnu/11/../../..] ==> dir [/usr/lib/gcc/x86_64-linux-gnu/11/../../..]
    arg [CMakeFiles/cmTC_e709c.dir/CMakeCXXCompilerABI.cpp.o] ==> ignore
    arg [-lstdc++] ==> lib [stdc++]
    arg [-lm] ==> lib [m]
    arg [-lgcc_s] ==> lib [gcc_s]
    arg [-lgcc] ==> lib [gcc]
    arg [-lc] ==> lib [c]
    arg [-lgcc_s] ==> lib [gcc_s]
    arg [-lgcc] ==> lib [gcc]
    arg [/usr/lib/gcc/x86_64-linux-gnu/11/crtendS.o] ==> obj [/usr/lib/gcc/x86_64-linux-gnu/11/crtendS.o]
    arg [/usr/lib/gcc/x86_64-linux-gnu/11/../../../x86_64-linux-gnu/crtn.o] ==> obj [/usr/lib/gcc/x86_64-linux-gnu/11/../../../x86_64-linux-gnu/crtn.o]
  collapse obj [/usr/lib/gcc/x86_64-linux-gnu/11/../../../x86_64-linux-gnu/Scrt1.o] ==> [/usr/lib/x86_64-linux-gnu/Scrt1.o]
  collapse obj [/usr/lib/gcc/x86_64-linux-gnu/11/../../../x86_64-linux-gnu/crti.o] ==> [/usr/lib/x86_64-linux-gnu/crti.o]
  collapse obj [/usr/lib/gcc/x86_64-linux-gnu/11/../../../x86_64-linux-gnu/crtn.o] ==> [/usr/lib/x86_64-linux-gnu/crtn.o]
  collapse library dir [/usr/lib/gcc/x86_64-linux-gnu/11] ==> [/usr/lib/gcc/x86_64-linux-gnu/11]
  collapse library dir [/usr/lib/gcc/x86_64-linux-gnu/11/../../../x86_64-linux-gnu] ==> [/usr/lib/x86_64-linux-gnu]
  collapse library dir [/usr/lib/gcc/x86_64-linux-gnu/11/../../../../lib] ==> [/usr/lib]
  collapse library dir [/lib/x86_64-linux-gnu] ==> [/lib/x86_64-linux-gnu]
  collapse library dir [/lib/../lib] ==> [/lib]
  collapse library dir [/usr/lib/x86_64-linux-gnu] ==> [/usr/lib/x86_64-linux-gnu]
  collapse library dir [/usr/lib/../lib] ==> [/usr/lib]
  collapse library dir [/usr/lib/gcc/x86_64-linux-gnu/11/../../..] ==> [/usr/lib]
  implicit libs: [stdc++;m;gcc_s;gcc;c;gcc_s;gcc]
  implicit objs: [/usr/lib/x86_64-linux-gnu/Scrt1.o;/usr/lib/x86_64-linux-gnu/crti.o;/usr/lib/gcc/x86_64-linux-gnu/11/crtbeginS.o;/usr/lib/gcc/x86_64-linux-gnu/11/crtendS.o;/usr/lib/x86_64-linux-gnu/crtn.o]
  implicit dirs: [/usr/lib/gcc/x86_64-linux-gnu/11;/usr/lib/x86_64-linux-gnu;/usr/lib;/lib/x86_64-linux-gnu;/lib]
  implicit fwks: []


Determining if the include file pthread.h exists passed with the following output:
Change Dir: /home/lauri/Documents/inteplas/build/CMakeFiles/CMakeTmp

Run Build Command(s):/usr/bin/gmake -f Makefile cmTC_0b5c8/fast && /usr/bin/gmake  -f CMakeFiles/cmTC_0b5c8.dir/build.make CMakeFiles/cmTC_0b5c8.dir/build
gmake[1]: Entering directory '/home/lauri/Documents/inteplas/build/CMakeFiles/CMakeTmp'
Building CXX object CMakeFiles/cmTC_0b5c8.dir/CheckIncludeFile.cxx.o
/usr/bin/c++   -std=gnu++20 -o CMakeFiles/cmTC_0b5c8.dir/CheckIncludeFile.cxx.o -c /home/lauri/Documents/inteplas/build/CMakeFiles/CMakeTmp/CheckIncludeFile.cxx
Linking CXX executable cmTC_0b5c8
/usr/bin/cmake -E cmake_link_script CMakeFiles/cmTC_0b5c8.dir/link.txt --verbose=1
/usr/bin/c++ CMakeFiles/cmTC_0b5c8.dir/CheckIncludeFile.cxx.o -o cmTC_0b5c8 
gmake[1]: Leaving directory '/home/lauri/Documents/inteplas/build/CMakeFiles/CMakeTmp'



Performing C++ SOURCE FILE Test CMAKE_HAVE_LIBC_PTHREAD succeeded with the following output:
Change Dir: /home/lauri/Documents/inteplas/build/CMakeFiles/CMakeTmp

Run Build Command(s):/usr/bin/gmake -f Makefile cmTC_6abef/fast && /usr/bin/gmake  -f CMakeFiles/cmTC_6abef.dir/build.make CMakeFiles/cmTC_6abef.dir/build
gmake[1]: Entering directory '/home/lauri/Documents/inteplas/build/CMakeFiles/CMakeTmp'
Building CXX object CMakeFiles/cmTC_6abef.dir/src.cxx.o
/usr/bin/c++ -DCMAKE_HAVE_LIBC_PTHREAD  -std=gnu++20 -o CMakeFiles/cmTC_6abef.dir/src.cxx.o -c /home/lauri/Documents/inteplas/build/CMakeFiles/CMakeTmp/src.cxx
Linking CXX executable cmTC_6abef
/usr/bin/cmake -E cmake_link_script CMakeFiles/cmTC_6abef.dir/link.txt --verbose=1
/usr/bin/c++ CMakeFiles/cmTC_6abef.dir/src.cxx.o -o cmTC_6abef 
gmake[1]: Leaving directory '/home/lauri/Documents/inteplas/build/CMakeFiles/CMakeTmp'


Source file was:
#include <pthread.h>

static void* test_func(void* data)
{
  return data;
}

int main(void)
{
  pthread_t thread;
  pthread_create(&thread, NULL, test_func, NULL);
  pthread_detach(thread);
  pthread_cancel(thread);
  pthread_join(thread, NULL);
  pthread_atfork(NULL, NULL, NULL);
  pthread_exit(NULL);

  return 0;
}

Determining if the function XOpenDisplay exists in the /usr/lib/x86_64-linux-gnu/libX11.so;/usr/lib/x86_64-linux-gnu/libXext.so passed with the following output:
Change Dir: /home/lauri/Documents/inteplas/build/CMakeFiles/CMakeTmp

Run Build Command(s):/usr/bin/gmake -f Makefile cmTC_1145b/fast && /usr/bin/gmake  -f CMakeFiles/cmTC_1145b.dir/build.make CMakeFiles/cmTC_1145b.dir/build
gmake[1]: Entering directory '/home/lauri/Documents/inteplas/build/CMakeFiles/CMakeTmp'
Building CXX object CMakeFiles/cmTC_1145b.dir/CheckFunctionExists.cxx.o
/usr/bin/c++   -DCHECK_FUNCTION_EXISTS=XOpenDisplay -std=gnu++20 -o CMakeFiles/cmTC_1145b.dir/CheckFunctionExists.cxx.o -c /home/lauri/Documents/inteplas/build/CMakeFiles/CheckLibraryExists/CheckFunctionExists.cxx
Linking CXX executable cmTC_1145b
/usr/bin/cmake -E cmake_link_script CMakeFiles/cmTC_1145b.dir/link.txt --verbose=1
/usr/bin/c++  -DCHECK_FUNCTION_EXISTS=XOpenDisplay CMakeFiles/cmTC_1145b.dir/CheckFunctionExists.cxx.o -o cmTC_1145b  /usr/lib/x86_64-linux-gnu/libX11.so /usr/lib/x86_64-linux-gnu/libXext.so 
gmake[1]: Leaving directory '/home/lauri/Documents/inteplas/build/CMakeFiles/CMakeTmp'



Determining if the function gethostbyname exists passed with the following output:
Change Dir: /home/lauri/Documents/inteplas/build/CMakeFiles/CMakeTmp

Run Build Command(s):/usr/bin/gmake -f Makefile cmTC_5ecd8/fast && /usr/bin/gmake  -f CMakeFiles/cmTC_5ecd8.dir/build.make CMakeFiles/cmTC_5ecd8.dir/build
gmake[1]: Entering directory '/home/lauri/Documents/inteplas/build/CMakeFiles/CMakeTmp'
Building CXX object CMakeFiles/cmTC_5ecd8.dir/CheckFunctionExists.cxx.o
/usr/bin/c++   -DCHECK_FUNCTION_EXISTS=gethostbyname -std=gnu++20 -o CMakeFiles/cmTC_5ecd8.dir/CheckFunctionExists.cxx.o -c /home/lauri/Documents/inteplas/build/CMakeFiles/CheckFunctionExists/CheckFunctionExists.cxx
Linking CXX executable cmTC_5ecd8
/usr/bin/cmake -E cmake_link_script CMakeFiles/cmTC_5ecd8.dir/link.txt --verbose=1
/usr/bin/c++  -DCHECK_FUNCTION_EXISTS=gethostbyname CMakeFiles/cmTC_5ecd8.dir/CheckFunctionExists.cxx.o -o cmTC_5ecd8 
gmake[1]: Leaving directory '/home/lauri/Documents/inteplas/build/CMakeFiles/CMakeTmp'



Determining if the function connect exists passed with the following output:
Change Dir: /home/lauri/Documents/inteplas/build/CMakeFiles/CMakeTmp

Run Build Command(s):/usr/bin/gmake -f Makefile cmTC_89d4e/fast && /usr/bin/gmake  -f CMakeFiles/cmTC_89d4e.dir/build.make CMakeFiles/cmTC_89d4e.dir/build
gmake[1]: Entering directory '/home/lauri/Documents/inteplas/build/CMakeFiles/CMakeTmp'
Building CXX object CMakeFiles/cmTC_89d4e.dir/CheckFunctionExists.cxx.o
/usr/bin/c++   -DCHECK_FUNCTION_EXISTS=connect -std=gnu++20 -o CMakeFiles/cmTC_89d4e.dir/CheckFunctionExists.cxx.o -c /home/lauri/Documents/inteplas/build/CMakeFiles/CheckFunctionExists/CheckFunctionExists.cxx
Linking CXX executable cmTC_89d4e
/usr/bin/cmake -E cmake_link_script CMakeFiles/cmTC_89d4e.dir/link.txt --verbose=1
/usr/bin/c++  -DCHECK_FUNCTION_EXISTS=connect CMakeFiles/cmTC_89d4e.dir/CheckFunctionExists.cxx.o -o cmTC_89d4e 
gmake[1]: Leaving directory '/home/lauri/Documents/inteplas/build/CMakeFiles/CMakeTmp'



Determining if the function remove exists passed with the following output:
Change Dir: /home/lauri/Documents/inteplas/build/CMakeFiles/CMakeTmp

Run Build Command(s):/usr/bin/gmake -f Makefile cmTC_71048/fast && /usr/bin/gmake  -f CMakeFiles/cmTC_71048.dir/build.make CMakeFiles/cmTC_71048.dir/build
gmake[1]: Entering directory '/home/lauri/Documents/inteplas/build/CMakeFiles/CMakeTmp'
Building CXX object CMakeFiles/cmTC_71048.dir/CheckFunctionExists.cxx.o
/usr/bin/c++   -DCHECK_FUNCTION_EXISTS=remove -std=gnu++20 -o CMakeFiles/cmTC_71048.dir/CheckFunctionExists.cxx.o -c /home/lauri/Documents/inteplas/build/CMakeFiles/CheckFunctionExists/CheckFunctionExists.cxx
Linking CXX executable cmTC_71048
/usr/bin/cmake -E cmake_link_script CMakeFiles/cmTC_71048.dir/link.txt --verbose=1
/usr/bin/c++  -DCHECK_FUNCTION_EXISTS=remove CMakeFiles/cmTC_71048.dir/CheckFunctionExists.cxx.o -o cmTC_71048 
gmake[1]: Leaving directory '/home/lauri/Documents/inteplas/build/CMakeFiles/CMakeTmp'



Determining if the function shmat exists passed with the following output:
Change Dir: /home/lauri/Documents/inteplas/build/CMakeFiles/CMakeTmp

Run Build Command(s):/usr/bin/gmake -f Makefile cmTC_c67ca/fast && /usr/bin/gmake  -f CMakeFiles/cmTC_c67ca.dir/build.make CMakeFiles/cmTC_c67ca.dir/build
gmake[1]: Entering directory '/home/lauri/Documents/inteplas/build/CMakeFiles/CMakeTmp'
Building CXX object CMakeFiles/cmTC_c67ca.dir/CheckFunctionExists.cxx.o
/usr/bin/c++   -DCHECK_FUNCTION_EXISTS=shmat -std=gnu++20 -o CMakeFiles/cmTC_c67ca.dir/CheckFunctionExists.cxx.o -c /home/lauri/Documents/inteplas/build/CMakeFiles/CheckFunctionExists/CheckFunctionExists.cxx
Linking CXX executable cmTC_c67ca
/usr/bin/cmake -E cmake_link_script CMakeFiles/cmTC_c67ca.dir/link.txt --verbose=1
/usr/bin/c++  -DCHECK_FUNCTION_EXISTS=shmat CMakeFiles/cmTC_c67ca.dir/CheckFunctionExists.cxx.o -o cmTC_c67ca 
gmake[1]: Leaving directory '/home/lauri/Documents/inteplas/build/CMakeFiles/CMakeTmp'



Determining if the function IceConnectionNumber exists in the ICE passed with the following output:
Change Dir: /home/lauri/Documents/inteplas/build/CMakeFiles/CMakeTmp

Run Build Command(s):/usr/bin/gmake -f Makefile cmTC_90a61/fast && /usr/bin/gmake  -f CMakeFiles/cmTC_90a61.dir/build.make CMakeFiles/cmTC_90a61.dir/build
gmake[1]: Entering directory '/home/lauri/Documents/inteplas/build/CMakeFiles/CMakeTmp'
Building CXX object CMakeFiles/cmTC_90a61.dir/CheckFunctionExists.cxx.o
/usr/bin/c++   -DCHECK_FUNCTION_EXISTS=IceConnectionNumber -std=gnu++20 -o CMakeFiles/cmTC_90a61.dir/CheckFunctionExists.cxx.o -c /home/lauri/Documents/inteplas/build/CMakeFiles/CheckLibraryExists/CheckFunctionExists.cxx
Linking CXX executable cmTC_90a61
/usr/bin/cmake -E cmake_link_script CMakeFiles/cmTC_90a61.dir/link.txt --verbose=1
/usr/bin/c++  -DCHECK_FUNCTION_EXISTS=IceConnectionNumber CMakeFiles/cmTC_90a61.dir/CheckFunctionExists.cxx.o -o cmTC_90a61  -lICE 
gmake[1]: Leaving directory '/home/lauri/Documents/inteplas/build/CMakeFiles/CMakeTmp'



Compiling the C compiler identification source file "CMakeCCompilerId.c" succeeded.
Compiler: /usr/bin/gcc 
Build flags: 
Id flags:  

The output was:
0


Compilation of the C compiler identification source "CMakeCCompilerId.c" produced "a.out"

The C compiler identification is GNU, found in "/home/lauri/Documents/inteplas/build/CMakeFiles/3.22.1/CompilerIdC/a.out"

Detecting C compiler ABI info compiled with the following output:
Change Dir: /home/lauri/Documents/inteplas/build/CMakeFiles/CMakeTmp

Run Build Command(s):/usr/bin/gmake -f Makefile cmTC_a2039/fast && /usr/bin/gmake  -f CMakeFiles/cmTC_a2039.dir/build.make CMakeFiles/cmTC_a2039.dir/build
gmake[1]: Entering directory '/home/lauri/Documents/inteplas/build/CMakeFiles/CMakeTmp'
Building C object CMakeFiles/cmTC_a2039.dir/CMakeCCompilerABI.c.o
/usr/bin/gcc   -v -o CMakeFiles/cmTC_a2039.dir/CMakeCCompilerABI.c.o -c /usr/share/cmake-3.22/Modules/CMakeCCompilerABI.c
Using built-in specs.
COLLECT_GCC=/usr/bin/gcc
OFFLOAD_TARGET_NAMES=nvptx-none:amdgcn-amdhsa
OFFLOAD_TARGET_DEFAULT=1
Target: x86_64-linux-gnu
Configured with: ../src/configure -v --with-pkgversion='Ubuntu 11.4.0-1ubuntu1~22.04' --with-bugurl=file:///usr/share/doc/gcc-11/README.Bugs --enable-languages=c,ada,c++,go,brig,d,fortran,objc,obj-c++,m2 --prefix=/usr --with-gcc-major-version-only --program-suffix=-11 --program-prefix=x86_64-linux-gnu- --enable-shared --enable-linker-build-id --libexecdir=/usr/lib --without-included-gettext --enable-threads=posix --libdir=/usr/lib --enable-nls --enable-bootstrap --enable-clocale=gnu --enable-libstdcxx-debug --enable-libstdcxx-time=yes --with-default-libstdcxx-abi=new --enable-gnu-unique-object --disable-vtable-verify --enable-plugin --enable-default-pie --with-system-zlib --enable-libphobos-checking=release --with-target-system-zlib=auto --enable-objc-gc=auto --enable-multiarch --disable-werror --enable-cet --with-arch-32=i686 --with-abi=m64 --with-multilib-list=m32,m64,mx32 --enable-multilib --with-tune=generic --enable-offload-targets=nvptx-none=/build/gcc-11-XeT9lY/gcc-11-11.4.0/debian/tmp-nvptx/usr,amdgcn-amdhsa=/build/gcc-11-XeT9lY/gcc-11-11.4.0/debian/tmp-gcn/usr --without-cuda-driver --enable-checking=release --build=x86_64-linux-gnu --host=x86_64-linux-gnu --target=x86_64-linux-gnu --with-build-config=bootstrap-lto-lean --enable-link-serialization=2
Thread model: posix
Supported LTO compression algorithms: zlib zstd
gcc version 11.4.0 (Ubuntu 11.4.0-1ubuntu1~22.04) 
COLLECT_GCC_OPTIONS='-v' '-o' 'CMakeFiles/cmTC_a2039.dir/CMakeCCompilerABI.c.o' '-c' '-mtune=generic' '-march=x86-64' '-dumpdir' 'CMakeFiles/cmTC_a2039.dir/'
 /usr/lib/gcc/x86_64-linux-gnu/11/cc1 -quiet -v -imultiarch x86_64-linux-gnu /usr/share/cmake-3.22/Modules/CMakeCCompilerABI.c -quiet -dumpdir CMakeFiles/cmTC_a2039.dir/ -dumpbase CMakeCCompilerABI.c.c -dumpbase-ext .c -mtune=generic -march=x86-64 -version -fasynchronous-unwind-tables -fstack-protector-strong -Wformat -Wformat-security -fstack-clash-protection -fcf-protection -o /tmp/ccZnWMfI.s
GNU C17 (Ubuntu 11.4.0-1ubuntu1~22.04) version 11.4.0 (x86_64-linux-gnu)
	compiled by GNU C version 11.4.0, GMP version 6.2.1, MPFR version 4.1.0, MPC version 1.2.1, isl version isl-0.24-GMP

GGC heuristics: --param ggc-min-expand=100 --param ggc-min-heapsize=131072
ignoring nonexistent directory "/usr/local/include/x86_64-linux-gnu"
ignoring nonexistent directory "/usr/lib/gcc/x86_64-linux-gnu/11/include-fixed"
ignoring nonexistent directory "/usr/lib/gcc/x86_64-linux-gnu/11/../../../../x86_64-linux-gnu/include"
#include "..." search starts here:
#include <...> search starts here:
 /usr/lib/gcc/x86_64-linux-gnu/11/include
 /usr/local/include
 /usr/include/x86_64-linux-gnu
 /usr/include
End of search list.
GNU C17 (Ubuntu 11.4.0-1ubuntu1~22.04) version 11.4.0 (x86_64-linux-gnu)
	compiled by GNU C version 11.4.0, GMP version 6.2.1, MPFR version 4.1.0, MPC version 1.2.1, isl version isl-0.24-GMP

GGC heuristics: --param ggc-min-expand=100 --param ggc-min-heapsize=131072
Compiler executable checksum: 50eaa2331df977b8016186198deb2d18
COLLECT_GCC_OPTIONS='-v' '-o' 'CMakeFiles/cmTC_a2039.dir/CMakeCCompilerABI.c.o' '-c' '-mtune=generic' '-march=x86-64' '-dumpdir' 'CMakeFiles/cmTC_a2039.dir/'
 as -v --64 -o CMakeFiles/cmTC_a2039.dir/CMakeCCompilerABI.c.o /tmp/ccZnWMfI.s
GNU assembler version 2.38 (x86_64-linux-gnu) using BFD version (GNU Binutils for Ubuntu) 2.38
COMPILER_PATH=/usr/lib/gcc/x86_64-linux-gnu/11/:/usr/lib/gcc/x86_64-linux-gnu/11/:/usr/lib/gcc/x86_64-linux-gnu/:/usr/lib/gcc/x86_64-linux-gnu/11/:/usr/lib/gcc/x86_64-linux-gnu/
LIBRARY_PATH=/usr/lib/gcc/x86_64-linux-gnu/11/:/usr/lib/gcc/x86_64-linux-gnu/11/../../../x86_64-linux-gnu/:/usr/lib/gcc/x86_64-linux-gnu/11/../../../../lib/:/lib/x86_64-linux-gnu/:/lib/../lib/:/usr/lib/x86_64-linux-gnu/:/usr/lib/../lib/:/usr/lib/gcc/x86_64-linux-gnu/11/../../../:/lib/:/usr/lib/
COLLECT_GCC_OPTIONS='-v' '-o' 'CMakeFiles/cmTC_a2039.dir/CMakeCCompilerABI.c.o' '-c' '-mtune=generic' '-march=x86-64' '-dumpdir' 'CMakeFiles/cmTC_a2039.dir/CMakeCCompilerABI.c.'
Linking C executable cmTC_a2039
/usr/bin/cmake -E cmake_link_script CMakeFiles/cmTC_a2039.dir/link.txt --verbose=1
/usr/bin/gcc  -v -rdynamic CMakeFiles/cmTC_a2039.dir/CMakeCCompilerABI.c.o -o cmTC_a2039 
Using built-in specs.
COLLECT_GCC=/usr/bin/gcc
COLLECT_LTO_WRAPPER=/usr/lib/gcc/x86_64-linux-gnu/11/lto-wrapper
OFFLOAD_TARGET_NAMES=nvptx-none:amdgcn-amdhsa
OFFLOAD_TARGET_DEFAULT=1
Target: x86_64-linux-gnu
Configured with: ../src/configure -v --with-pkgversion='Ubuntu 11.4.0-1ubuntu1~22.04' --with-bugurl=file:///usr/share/doc/gcc-11/README.Bugs --enable-languages=c,ada,c++,go,brig,d,fortran,objc,obj-c++,m2 --prefix=/usr --with-gcc-major-version-only --program-suffix=-11 --program-prefix=x86_64-linux-gnu- --enable-shared --enable-linker-build-id --libexecdir=/usr/lib --without-included-gettext --enable-threads=posix --libdir=/usr/lib --enable-nls --enable-bootstrap --enable-clocale=gnu --enable-libstdcxx-debug --enable-libstdcxx-time=yes --with-default-libstdcxx-abi=new --enable-gnu-unique-object --disable-vtable-verify --enable-plugin --enable-default-pie --with-system-zlib --enable-libphobos-checking=release --with-target-system-zlib=auto --enable-objc-gc=auto --enable-multiarch --disable-werror --enable-cet --with-arch-32=i686 --with-abi=m64 --with-multilib-list=m32,m64,mx32 --enable-multilib --with-tune=generic --enable-offload-targets=nvptx-none=/build/gcc-11-XeT9lY/gcc-11-11.4.0/debian/tmp-nvptx/usr,amdgcn-amdhsa=/build/gcc-11-XeT9lY/gcc-11-11.4.0/debian/tmp-gcn/usr --without-cuda-driver --enable-checking=release --build=x86_64-linux-gnu --host=x86_64-linux-gnu --target=x86_64-linux-gnu --with-build-config=bootstrap-lto-lean --enable-link-serialization=2
Thread model: posix
Supported LTO compression algorithms: zlib zstd
gcc version 11.4.0 (Ubuntu 11.4.0-1ubuntu1~22.04) 
COMPILER_PATH=/usr/lib/gcc/x86_64-linux-gnu/11/:/usr/lib/gcc/x86_64-linux-gnu/11/:/usr/lib/gcc/x86_64-linux-gnu/:/usr/lib/gcc/x86_64-linux-gnu/11/:/usr/lib/gcc/x86_64-linux-gnu/
LIBRARY_PATH=/usr/lib/gcc/x86_64-linux-gnu/11/:/usr/lib/gcc/x86_64-linux-gnu/11/../../../x86_64-linux-gnu/:/usr/lib/gcc/x86_64-linux-gnu/11/../../../../lib/:/lib/x86_64-linux-gnu/:/lib/../lib/:/usr/lib/x86_64-linux-gnu/:/usr/lib/../lib/:/usr/lib/gcc/x86_64-linux-gnu/11/../../../:/lib/:/usr/lib/
COLLECT_GCC_OPTIONS='-v' '-rdynamic' '-o' 'cmTC_a2039' '-mtune=generic' '-march=x86-64' '-dumpdir' 'cmTC_a2039.'
 /usr/lib/gcc/x86_64-linux-gnu/11/collect2 -plugin /usr/lib/gcc/x86_64-linux-gnu/11/liblto_plugin.so -plugin-opt=/usr/lib/gcc/x86_64-linux-gnu/11/lto-wrapper -plugin-opt=-fresolution=/tmp/ccDGBdAN.res -plugin-opt=-pass-through=-lgcc -plugin-opt=-pass-through=-lgcc_s -plugin-opt=-pass-through=-lc -plugin-opt=-pass-through=-lgcc -plugin-opt=-pass-through=-lgcc_s --build-id --eh-frame-hdr -m elf_x86_64 --hash-style=gnu --as-needed -export-dynamic -dynamic-linker /lib64/ld-linux-x86-64.so.2 -pie -z now -z relro -o cmTC_a2039 /usr/lib/gcc/x86_64-linux-gnu/11/../../../x86_64-linux-gnu/Scrt1.o /usr/lib/gcc/x86_64-linux-gnu/11/../../../x86_64-linux-gnu/crti.o /usr/lib/gcc/x86_64-linux-gnu/11/crtbeginS.o -L/usr/lib/gcc/x86_64-linux-gnu/11 -L/usr/lib/gcc/x86_64-linux-gnu/11/../../../x86_64-linux-gnu -L/usr/lib/gcc/x86_64-linux-gnu/11/../../../../lib -L/lib/x86_64-linux-gnu -L/lib/../lib -L/usr/lib/x86_64-linux-gnu -L/usr/lib/../lib -L/usr/lib/gcc/x86_64-linux-gnu/11/../../.. CMakeFiles/cmTC_a2039.dir/CMakeCCompilerABI.c.o -lgcc --push-state --as-needed -lgcc_s --pop-state -lc -lgcc --push-state --as-needed -lgcc_s --pop-state /usr/lib/gcc/x86_64-linux-gnu/11/crtendS.o /usr/lib/gcc/x86_64-linux-gnu/11/../../../x86_64-linux-gnu/crtn.o
COLLECT_GCC_OPTIONS='-v' '-rdynamic' '-o' 'cmTC_a2039' '-mtune=generic' '-march=x86-64' '-dumpdir' 'cmTC_a2039.'
gmake[1]: Leaving directory '/home/lauri/Documents/inteplas/build/CMakeFiles/CMakeTmp'



Parsed C implicit include dir info from above output: rv=done
  found start of include info
  found start of implicit include info
    add: [/usr/lib/gcc/x86_64-linux-gnu/11/include]
    add: [/usr/local/include]
    add: [/usr/include/x86_64-linux-gnu]
    add: [/usr/include]
  end of search list found
  collapse include dir [/usr/lib/gcc/x86_64-linux-gnu/11/include] ==> [/usr/lib/gcc/x86_64-linux-gnu/11/include]
  collapse include dir [/usr/local/include] ==> [/usr/local/include]
  collapse include dir [/usr/include/x86_64-linux-gnu] ==> [/usr/include/x86_64-linux-gnu]
  collapse include dir [/usr/include] ==> [/usr/include]
  implicit include dirs: [/usr/lib/gcc/x86_64-linux-gnu/11/include;/usr/local/include;/usr/include/x86_64-linux-gnu;/usr/include]


Parsed C implicit link information from above output:
  link line regex: [^( *|.*[/\])(ld|CMAKE_LINK_STARTFILE-NOTFOUND|([^/\]+-)?ld|collect2)[^/\]*( |$)]
  ignore line: [Change Dir: /home/lauri/Documents/inteplas/build/CMakeFiles/CMakeTmp]
  ignore line: []
  ignore line: [Run Build Command(s):/usr/bin/gmake -f Makefile cmTC_a2039/fast && /usr/bin/gmake  -f CMakeFiles/cmTC_a2039.dir/build.make CMakeFiles/cmTC_a2039.dir/build]
  ignore line: [gmake[1]: Entering directory '/home/lauri/Documents/inteplas/build/CMakeFiles/CMakeTmp']
  ignore line: [Building C object CMakeFiles/cmTC_a2039.dir/CMakeCCompilerABI.c.o]
  ignore line: [/usr/bin/gcc   -v -o CMakeFiles/cmTC_a2039.dir/CMakeCCompilerABI.c.o -c /usr/share/cmake-3.22/Modules/CMakeCCompilerABI.c]
  ignore line: [Using built-in specs.]
  ignore line: [COLLECT_GCC=/usr/bin/gcc]
  ignore line: [OFFLOAD_TARGET_NAMES=nvptx-none:amdgcn-amdhsa]
  ignore line: [OFFLOAD_TARGET_DEFAULT=1]
  ignore line: [Target: x86_64-linux-gnu]
  ignore line: [Configured with: ../src/configure -v --with-pkgversion='Ubuntu 11.4.0-1ubuntu1~22.04' --with-bugurl=file:///usr/share/doc/gcc-11/README.Bugs --enable-languages=c ada c++ go brig d fortran objc obj-c++ m2 --prefix=/usr --with-gcc-major-version-only --program-suffix=-11 --program-prefix=x86_64-linux-gnu- --enable-shared --enable-linker-build-id --libexecdir=/usr/lib --without-included-gettext --enable-threads=posix --libdir=/usr/lib --enable-nls --enable-bootstrap --enable-clocale=gnu --enable-libstdcxx-debug --enable-libstdcxx-time=yes --with-default-libstdcxx-abi=new --enable-gnu-unique-object --disable-vtable-verify --enable-plugin --enable-default-pie --with-system-zlib --enable-libphobos-checking=release --with-target-system-zlib=auto --enable-objc-gc=auto --enable-multiarch --disable-werror --enable-cet --with-arch-32=i686 --with-abi=m64 --with-multilib-list=m32 m64 mx32 --enable-multilib --with-tune=generic --enable-offload-targets=nvptx-none=/build/gcc-11-XeT9lY/gcc-11-11.4.0/debian/tmp-nvptx/usr amdgcn-amdhsa=/build/gcc-11-XeT9lY/gcc-11-11.4.0/debian/tmp-gcn/usr --without-cuda-driver --enable-checking=release --build=x86_64-linux-gnu --host=x86_64-linux-gnu --target=x86_64-linux-gnu --with-build-config=bootstrap-lto-lean --enable-link-serialization=2]
  ignore line: [Thread model: posix]
  ignore line: [Supported LTO compression algorithms: zlib zstd]
  ignore line: [gcc version 11.4.0 (Ubuntu 11.4.0-1ubuntu1~22.04) ]
  ignore line: [COLLECT_GCC_OPTIONS='-v' '-o' 'CMakeFiles/cmTC_a2039.dir/CMakeCCompilerABI.c.o' '-c' '-mtune=generic' '-march=x86-64' '-dumpdir' 'CMakeFiles/cmTC_a2039.dir/']
  ignore line: [ /usr/lib/gcc/x86_64-linux-gnu/11/cc1 -quiet -v -imultiarch x86_64-linux-gnu /usr/share/cmake-3.22/Modules/CMakeCCompilerABI.c -quiet -dumpdir CMakeFiles/cmTC_a2039.dir/ -dumpbase CMakeCCompilerABI.c.c -dumpbase-ext .c -mtune=generic -march=x86-64 -version -fasynchronous-unwind-tables -fstack-protector-strong -Wformat -Wformat-security -fstack-clash-protection -fcf-protection -o /tmp/ccZnWMfI.s]
  ignore line: [GNU C17 (Ubuntu 11.4.0-1ubuntu1~22.04) version 11.4.0 (x86_64-linux-gnu)]
  ignore line: [	compiled by GNU C version 11.4.0  GMP version 6.2.1  MPFR version 4.1.0  MPC version 1.2.1  isl version isl-0.24-GMP]
  ignore line: []
  ignore line: [GGC heuristics: --param ggc-min-expand=100 --param ggc-min-heapsize=131072]
  ignore line: [ignoring nonexistent directory "/usr/local/include/x86_64-linux-gnu"]
  ignore line: [ignoring nonexistent directory "/usr/lib/gcc/x86_64-linux-gnu/11/include-fixed"]
  ignore line: [ignoring nonexistent directory "/usr/lib/gcc/x86_64-linux-gnu/11/../../../../x86_64-linux-gnu/include"]
  ignore line: [#include "..." search starts here:]
  ignore line: [#include <...> search starts here:]
  ignore line: [ /usr/lib/gcc/x86_64-linux-gnu/11/include]
  ignore line: [ /usr/local/include]
  ignore line: [ /usr/include/x86_64-linux-gnu]
  ignore line: [ /usr/include]
  ignore line: [End of search list.]
  ignore line: [GNU C17 (Ubuntu 11.4.0-1ubuntu1~22.04) version 11.4.0 (x86_64-linux-gnu)]
  ignore line: [	compiled by GNU C version 11.4.0  GMP version 6.2.1  MPFR version 4.1.0  MPC version 1.2.1  isl version isl-0.24-GMP]
  ignore line: []
  ignore line: [GGC heuristics: --param ggc-min-expand=100 --param ggc-min-heapsize=131072]
  ignore line: [Compiler executable checksum: 50eaa2331df977b8016186198deb2d18]
  ignore line: [COLLECT_GCC_OPTIONS='-v' '-o' 'CMakeFiles/cmTC_a2039.dir/CMakeCCompilerABI.c.o' '-c' '-mtune=generic' '-march=x86-64' '-dumpdir' 'CMakeFiles/cmTC_a2039.dir/']
  ignore line: [ as -v --64 -o CMakeFiles/cmTC_a2039.dir/CMakeCCompilerABI.c.o /tmp/ccZnWMfI.s]
  ignore line: [GNU assembler version 2.38 (x86_64-linux-gnu) using BFD version (GNU Binutils for Ubuntu) 2.38]
  ignore line: [COMPILER_PATH=/usr/lib/gcc/x86_64-linux-gnu/11/:/usr/lib/gcc/x86_64-linux-gnu/11/:/usr/lib/gcc/x86_64-linux-gnu/:/usr/lib/gcc/x86_64-linux-gnu/11/:/usr/lib/gcc/x86_64-linux-gnu/]
  ignore line: [LIBRARY_PATH=/usr/lib/gcc/x86_64-linux-gnu/11/:/usr/lib/gcc/x86_64-linux-gnu/11/../../../x86_64-linux-gnu/:/usr/lib/gcc/x86_64-linux-gnu/11/../../../../lib/:/lib/x86_64-linux-gnu/:/lib/../lib/:/usr/lib/x86_64-linux-gnu/:/usr/lib/../lib/:/usr/lib/gcc/x86_64-linux-gnu/11/../../../:/lib/:/usr/lib/]
  ignore line: [COLLECT_GCC_OPTIONS='-v' '-o' 'CMakeFiles/cmTC_a2039.dir/CMakeCCompilerABI.c.o' '-c' '-mtune=generic' '-march=x86-64' '-dumpdir' 'CMakeFiles/cmTC_a2039.dir/CMakeCCompilerABI.c.']
  ignore line: [Linking C executable cmTC_a2039]
  ignore line: [/usr/bin/cmake -E cmake_link_script CMakeFiles/cmTC_a2039.dir/link.txt --verbose=1]
  ignore line: [/usr/bin/gcc  -v -rdynamic CMakeFiles/cmTC_a2039.dir/CMakeCCompilerABI.c.o -o cmTC_a2039 ]
  ignore line: [Using built-in specs.]
  ignore line: [COLLECT_GCC=/usr/bin/gcc]
  ignore line: [COLLECT_LTO_WRAPPER=/usr/lib/gcc/x86_64-linux-gnu/11/lto-wrapper]
  ignore line: [OFFLOAD_TARGET_NAMES=nvptx-none:amdgcn-amdhsa]
  ignore line: [OFFLOAD_TARGET_DEFAULT=1]
  ignore line: [Target: x86_64-linux-gnu]
  ignore line: [Configured with: ../src/configure -v --with-pkgversion='Ubuntu 11.4.0-1ubuntu1~22.04' --with-bugurl=file:///usr/share/doc/gcc-11/README.Bugs --enable-languages=c ada c++ go brig d fortran objc obj-c++ m2 --prefix=/usr --with-gcc-major-version-only --program-suffix=-11 --program-prefix=x86_64-linux-gnu- --enable-shared --enable-linker-build-id --libexecdir=/usr/lib --without-included-gettext --enable-threads=posix --libdir=/usr/lib --enable-nls --enable-bootstrap --enable-clocale=gnu --enable-libstdcxx-debug --enable-libstdcxx-time=yes --with-default-libstdcxx-abi=new --enable-gnu-unique-object --disable-vtable-verify --enable-plugin --enable-default-pie --with-system-zlib --enable-libphobos-checking=release --with-target-system-zlib=auto --enable-objc-gc=auto --enable-multiarch --disable-werror --enable-cet --with-arch-32=i686 --with-abi=m64 --with-multilib-list=m32 m64 mx32 --enable-multilib --with-tune=generic --enable-offload-targets=nvptx-none=/build/gcc-11-XeT9lY/gcc-11-11.4.0/debian/tmp-nvptx/usr amdgcn-amdhsa=/build/gcc-11-XeT9lY/gcc-11-11.4.0/debian/tmp-gcn/usr --without-cuda-driver --enable-checking=release --build=x86_64-linux-gnu --host=x86_64-linux-gnu --target=x86_64-linux-gnu --with-build-config=bootstrap-lto-lean --enable-link-serialization=2]
  ignore line: [Thread model: posix]
  ignore line: [Supported LTO compression algorithms: zlib zstd]
  ignore line: [gcc version 11.4.0 (Ubuntu 11.4.0-1ubuntu1~22.04) ]
  ignore line: [COMPILER_PATH=/usr/lib/gcc/x86_64-linux-gnu/11/:/usr/lib/gcc/x86_64-linux-gnu/11/:/usr/lib/gcc/x86_64-linux-gnu/:/usr/lib/gcc/x86_64-linux-gnu/11/:/usr/lib/gcc/x86_64-linux-gnu/]
  ignore line: [LIBRARY_PATH=/usr/lib/gcc/x86_64-linux-gnu/11/:/usr/lib/gcc/x86_64-linux-gnu/11/../../../x86_64-linux-gnu/:/usr/lib/gcc/x86_64-linux-gnu/11/../../../../lib/:/lib/x86_64-linux-gnu/:/lib/../lib/:/usr/lib/x86_64-linux-gnu/:/usr/lib/../lib/:/usr/lib/gcc/x86_64-linux-gnu/11/../../../:/lib/:/usr/lib/]
  ignore line: [COLLECT_GCC_OPTIONS='-v' '-rdynamic' '-o' 'cmTC_a2039' '-mtune=generic' '-march=x86-64' '-dumpdir' 'cmTC_a2039.']
  link line: [ /usr/lib/gcc/x86_64-linux-gnu/11/collect2 -plugin /usr/lib/gcc/x86_64-linux-gnu/11/liblto_plugin.so -plugin-opt=/usr/lib/gcc/x86_64-linux-gnu/11/lto-wrapper -plugin-opt=-fresolution=/tmp/ccDGBdAN.res -plugin-opt=-pass-through=-lgcc -plugin-opt=-pass-through=-lgcc_s -plugin-opt=-pass-through=-lc -plugin-opt=-pass-through=-lgcc -plugin-opt=-pass-through=-lgcc_s --build-id --eh-frame-hdr -m elf_x86_64 --hash-style=gnu --as-needed -export-dynamic -dynamic-linker /lib64/ld-linux-x86-64.so.2 -pie -z now -z relro -o cmTC_a2039 /usr/lib/gcc/x86_64-linux-gnu/11/../../../x86_64-linux-gnu/Scrt1.o /usr/lib/gcc/x86_64-linux-gnu/11/../../../x86_64-linux-gnu/crti.o /usr/lib/gcc/x86_64-linux-gnu/11/crtbeginS.o -L/usr/lib/gcc/x86_64-linux-gnu/11 -L/usr/lib/gcc/x86_64-linux-gnu/11/../../../x86_64-linux-gnu -L/usr/lib/gcc/x86_64-linux-gnu/11/../../../../lib -L/lib/x86_64-linux-gnu -L/lib/../lib -L/usr/lib/x86_64-linux-gnu -L/usr/lib/../lib -L/usr/lib/gcc/x86_64-linux-gnu/11/../../.. CMakeFiles/cmTC_a2039.dir/CMakeCCompilerABI.c.o -lgcc --push-state --as-needed -lgcc_s --pop-state -lc -lgcc --push-state --as-needed -lgcc_s --pop-state /usr/lib/gcc/x86_64-linux-gnu/11/crtendS.o /usr/lib/gcc/x86_64-linux-gnu/11/../../../x86_64-linux-gnu/crtn.o]
    arg [/usr/lib/gcc/x86_64-linux-gnu/11/collect2] ==> ignore
    arg [-plugin] ==> ignore
    arg [/usr/lib/gcc/x86_64-linux-gnu/11/liblto_plugin.so] ==> ignore
    arg [-plugin-opt=/usr/lib/gcc/x86_64-linux-gnu/11/lto-wrapper] ==> ignore
    arg [-plugin-opt=-fresolution=/tmp/ccDGBdAN.res] ==> ignore
    arg [-plugin-opt=-pass-through=-lgcc] ==> ignore
    arg [-plugin-opt=-pass-through=-lgcc_s] ==> ignore
    arg [-plugin-opt=-pass-through=-lc] ==> ignore
    arg [-plugin-opt=-pass-through=-lgcc] ==> ignore
    arg [-plugin-opt=-pass-through=-lgcc_s] ==> ignore
    arg [--build-id] ==> ignore
    arg [--eh-frame-hdr] ==> ignore
    arg [-m] ==> ignore
    arg [elf_x86_64] ==> ignore
    arg [--hash-style=gnu] ==> ignore
    arg [--as-needed] ==> ignore
    arg [-export-dynamic] ==> ignore
    arg [-dynamic-linker] ==> ignore
    arg [/lib64/ld-linux-x86-64.so.2] ==> ignore
    arg [-pie] ==> ignore
    arg [-znow] ==> ignore
    arg [-zrelro] ==> ignore
    arg [-o] ==> ignore
    arg [cmTC_a2039] ==> ignore
    arg [/usr/lib/gcc/x86_64-linux-gnu/11/../../../x86_64-linux-gnu/Scrt1.o] ==> obj [/usr/lib/gcc/x86_64-linux-gnu/11/../../../x86_64-linux-gnu/Scrt1.o]
    arg [/usr/lib/gcc/x86_64-linux-gnu/11/../../../x86_64-linux-gnu/crti.o] ==> obj [/usr/lib/gcc/x86_64-linux-gnu/11/../../../x86_64-linux-gnu/crti.o]
    arg [/usr/lib/gcc/x86_64-linux-gnu/11/crtbeginS.o] ==> obj [/usr/lib/gcc/x86_64-linux-gnu/11/crtbeginS.o]
    arg [-L/usr/lib/gcc/x86_64-linux-gnu/11] ==> dir [/usr/lib/gcc/x86_64-linux-gnu/11]
    arg [-L/usr/lib/gcc/x86_64-linux-gnu/11/../../../x86_64-linux-gnu] ==> dir [/usr/lib/gcc/x86_64-linux-gnu/11/../../../x86_64-linux-gnu]
    arg [-L/usr/lib/gcc/x86_64-linux-gnu/11/../../../../lib] ==> dir [/usr/lib/gcc/x86_64-linux-gnu/11/../../../../lib]
    arg [-L/lib/x86_64-linux-gnu] ==> dir [/lib/x86_64-linux-gnu]
    arg [-L/lib/../lib] ==> dir [/lib/../lib]
    arg [-L/usr/lib/x86_64-linux-gnu] ==> dir [/usr/lib/x86_64-linux-gnu]
    arg [-L/usr/lib/../lib] ==> dir [/usr/lib/../lib]
    arg [-L/usr/lib/gcc/x86_64-linux-gnu/11/../../..] ==> dir [/usr/lib/gcc/x86_64-linux-gnu/11/../../..]
    arg [CMakeFiles/cmTC_a2039.dir/CMakeCCompilerABI.c.o] ==> ignore
    arg [-lgcc] ==> lib [gcc]
    arg [--push-state] ==> ignore
    arg [--as-needed] ==> ignore
    arg [-lgcc_s] ==> lib [gcc_s]
    arg [--pop-state] ==> ignore
    arg [-lc] ==> lib [c]
    arg [-lgcc] ==> lib [gcc]
    arg [--push-state] ==> ignore
    arg [--as-needed] ==> ignore
    arg [-lgcc_s] ==> lib [gcc_s]
    arg [--pop-state] ==> ignore
    arg [/usr/lib/gcc/x86_64-linux-gnu/11/crtendS.o] ==> obj [/usr/lib/gcc/x86_64-linux-gnu/11/crtendS.o]
    arg [/usr/lib/gcc/x86_64-linux-gnu/11/../../../x86_64-linux-gnu/crtn.o] ==> obj [/usr/lib/gcc/x86_64-linux-gnu/11/../../../x86_64-linux-gnu/crtn.o]
  collapse obj [/usr/lib/gcc/x86_64-linux-gnu/11/../../../x86_64-linux-gnu/Scrt1.o] ==> [/usr/lib/x86_64-linux-gnu/Scrt1.o]
  collapse obj [/usr/lib/gcc/x86_64-linux-gnu/11/../../../x86_64-linux-gnu/crti.o] ==> [/usr/lib/x86_64-linux-gnu/crti.o]
  collapse obj [/usr/lib/gcc/x86_64-linux-gnu/11/../../../x86_64-linux-gnu/crtn.o] ==> [/usr/lib/x86_64-linux-gnu/crtn.o]
  collapse library dir [/usr/lib/gcc/x86_64-linux-gnu/11] ==> [/usr/lib/gcc/x86_64-linux-gnu/11]
  collapse library dir [/usr/lib/gcc/x86_64-linux-gnu/11/../../../x86_64-linux-gnu] ==> [/usr/lib/x86_64-linux-gnu]
  collapse library dir [/usr/lib/gcc/x86_64-linux-gnu/11/../../../../lib] ==> [/usr/lib]
  collapse library dir [/lib/x86_64-linux-gnu] ==> [/lib/x86_64-linux-gnu]
  collapse library dir [/lib/../lib] ==> [/lib]
  collapse library dir [/usr/lib/x86_64-linux-gnu] ==> [/usr/lib/x86_64-linux-gnu]
  collapse library dir [/usr/lib/../lib] ==> [/usr/lib]
  collapse library dir [/usr/lib/gcc/x86_64-linux-gnu/11/../../..] ==> [/usr/lib]
  implicit libs: [gcc;gcc_s;c;gcc;gcc_s]
  implicit objs: [/usr/lib/x86_64-linux-gnu/Scrt1.o;/usr/lib/x86_64-linux-gnu/crti.o;/usr/lib/gcc/x86_64-linux-gnu/11/crtbeginS.o;/usr/lib/gcc/x86_64-linux-gnu/11/crtendS.o;/usr/lib/x86_64-linux-gnu/crtn.o]
  implicit dirs: [/usr/lib/gcc/x86_64-linux-gnu/11;/usr/lib/x86_64-linux-gnu;/usr/lib;/lib/x86_64-linux-gnu;/lib]
  implicit fwks: []


Performing C++ SOURCE FILE Test HAVE_STDC_FORMAT_MACROS succeeded with the following output:
Change Dir: /home/lauri/Documents/inteplas/build/CMakeFiles/CMakeTmp

Run Build Command(s):/usr/bin/gmake -f Makefile cmTC_05858/fast && /usr/bin/gmake  -f CMakeFiles/cmTC_05858.dir/build.make CMakeFiles/cmTC_05858.dir/build
gmake[1]: Entering directory '/home/lauri/Documents/inteplas/build/CMakeFiles/CMakeTmp'
Building CXX object CMakeFiles/cmTC_05858.dir/src.cxx.o
/usr/bin/c++ -DHAVE_STDC_FORMAT_MACROS  -std=gnu++20 -o CMakeFiles/cmTC_05858.dir/src.cxx.o -c /home/lauri/Documents/inteplas/build/CMakeFiles/CMakeTmp/src.cxx
Linking CXX executable cmTC_05858
/usr/bin/cmake -E cmake_link_script CMakeFiles/cmTC_05858.dir/link.txt --verbose=1
/usr/bin/c++ CMakeFiles/cmTC_05858.dir/src.cxx.o -o cmTC_05858 
gmake[1]: Leaving directory '/home/lauri/Documents/inteplas/build/CMakeFiles/CMakeTmp'


Source file was:
#include <cinttypes>
#include <cstdio>
int main()
{
    int64_t i64{};
    std::printf("%" PRId64, i64);
}
Performing C++ SOURCE FILE Test HAVE_LIBATOMIC succeeded with the following output:
Change Dir: /home/lauri/Documents/inteplas/build/CMakeFiles/CMakeTmp

Run Build Command(s):/usr/bin/gmake -f Makefile cmTC_0d4d5/fast && /usr/bin/gmake  -f CMakeFiles/cmTC_0d4d5.dir/build.make CMakeFiles/cmTC_0d4d5.dir/build
gmake[1]: Entering directory '/home/lauri/Documents/inteplas/build/CMakeFiles/CMakeTmp'
Building CXX object CMakeFiles/cmTC_0d4d5.dir/src.cxx.o
/usr/bin/c++ -DHAVE_LIBATOMIC  -std=gnu++20 -o CMakeFiles/cmTC_0d4d5.dir/src.cxx.o -c /home/lauri/Documents/inteplas/build/CMakeFiles/CMakeTmp/src.cxx
Linking CXX executable cmTC_0d4d5
/usr/bin/cmake -E cmake_link_script CMakeFiles/cmTC_0d4d5.dir/link.txt --verbose=1
/usr/bin/c++ CMakeFiles/cmTC_0d4d5.dir/src.cxx.o -o cmTC_0d4d5  -latomic 
gmake[1]: Leaving directory '/home/lauri/Documents/inteplas/build/CMakeFiles/CMakeTmp'


Source file was:
#include <atomic>
std::atomic<int> foo{0};
int main() { return foo.fetch_add(2); }
Performing C++ SOURCE FILE Test HAVE_WNO_CXX20_ATTR_EXT succeeded with the following output:
Change Dir: /home/lauri/Documents/inteplas/build/CMakeFiles/CMakeTmp

Run Build Command(s):/usr/bin/gmake -f Makefile cmTC_6d385/fast && /usr/bin/gmake  -f CMakeFiles/cmTC_6d385.dir/build.make CMakeFiles/cmTC_6d385.dir/build
gmake[1]: Entering directory '/home/lauri/Documents/inteplas/build/CMakeFiles/CMakeTmp'
Building CXX object CMakeFiles/cmTC_6d385.dir/src.cxx.o
/usr/bin/c++ -DHAVE_WNO_CXX20_ATTR_EXT  -Wno-c++20-attribute-extensions -std=gnu++20 -o CMakeFiles/cmTC_6d385.dir/src.cxx.o -c /home/lauri/Documents/inteplas/build/CMakeFiles/CMakeTmp/src.cxx
Linking CXX executable cmTC_6d385
/usr/bin/cmake -E cmake_link_script CMakeFiles/cmTC_6d385.dir/link.txt --verbose=1
/usr/bin/c++ CMakeFiles/cmTC_6d385.dir/src.cxx.o -o cmTC_6d385  -latomic 
gmake[1]: Leaving directory '/home/lauri/Documents/inteplas/build/CMakeFiles/CMakeTmp'


Source file was:
int main() { return 0; }
Performing C++ SOURCE FILE Test HAVE_WNO_INTERFERENCE_SIZE succeeded with the following output:
Change Dir: /home/lauri/Documents/inteplas/build/CMakeFiles/CMakeTmp

Run Build Command(s):/usr/bin/gmake -f Makefile cmTC_bdb3a/fast && /usr/bin/gmake  -f CMakeFiles/cmTC_bdb3a.dir/build.make CMakeFiles/cmTC_bdb3a.dir/build
gmake[1]: Entering directory '/home/lauri/Documents/inteplas/build/CMakeFiles/CMakeTmp'
Building CXX object CMakeFiles/cmTC_bdb3a.dir/src.cxx.o
/usr/bin/c++ -DHAVE_WNO_INTERFERENCE_SIZE  -Wno-interference-size -std=gnu++20 -o CMakeFiles/cmTC_bdb3a.dir/src.cxx.o -c /home/lauri/Documents/inteplas/build/CMakeFiles/CMakeTmp/src.cxx
Linking CXX executable cmTC_bdb3a
/usr/bin/cmake -E cmake_link_script CMakeFiles/cmTC_bdb3a.dir/link.txt --verbose=1
/usr/bin/c++ CMakeFiles/cmTC_bdb3a.dir/src.cxx.o -o cmTC_bdb3a  -latomic 
gmake[1]: Leaving directory '/home/lauri/Documents/inteplas/build/CMakeFiles/CMakeTmp'


Source file was:
int main() { return 0; }
Performing C SOURCE FILE Test HAVE_FNO_MATH_ERRNO succeeded with the following output:
Change Dir: /home/lauri/Documents/inteplas/build/CMakeFiles/CMakeTmp

Run Build Command(s):/usr/bin/gmake -f Makefile cmTC_4d4d1/fast && /usr/bin/gmake  -f CMakeFiles/cmTC_4d4d1.dir/build.make CMakeFiles/cmTC_4d4d1.dir/build
gmake[1]: Entering directory '/home/lauri/Documents/inteplas/build/CMakeFiles/CMakeTmp'
Building C object CMakeFiles/cmTC_4d4d1.dir/src.c.o
/usr/bin/gcc -DHAVE_FNO_MATH_ERRNO  -fno-math-errno -o CMakeFiles/cmTC_4d4d1.dir/src.c.o -c /home/lauri/Documents/inteplas/build/CMakeFiles/CMakeTmp/src.c
Linking C executable cmTC_4d4d1
/usr/bin/cmake -E cmake_link_script CMakeFiles/cmTC_4d4d1.dir/link.txt --verbose=1
/usr/bin/gcc CMakeFiles/cmTC_4d4d1.dir/src.c.o -o cmTC_4d4d1  -latomic 
gmake[1]: Leaving directory '/home/lauri/Documents/inteplas/build/CMakeFiles/CMakeTmp'


Source file was:
int main(void) { return 0; }
Performing C SOURCE FILE Test HAVE_GCC_PROTECTED_VISIBILITY succeeded with the following output:
Change Dir: /home/lauri/Documents/inteplas/build/CMakeFiles/CMakeTmp

Run Build Command(s):/usr/bin/gmake -f Makefile cmTC_1aae4/fast && /usr/bin/gmake  -f CMakeFiles/cmTC_1aae4.dir/build.make CMakeFiles/cmTC_1aae4.dir/build
gmake[1]: Entering directory '/home/lauri/Documents/inteplas/build/CMakeFiles/CMakeTmp'
Building C object CMakeFiles/cmTC_1aae4.dir/src.c.o
/usr/bin/gcc -DHAVE_GCC_PROTECTED_VISIBILITY  -Wattributes -Werror -o CMakeFiles/cmTC_1aae4.dir/src.c.o -c /home/lauri/Documents/inteplas/build/CMakeFiles/CMakeTmp/src.c
Linking C executable cmTC_1aae4
/usr/bin/cmake -E cmake_link_script CMakeFiles/cmTC_1aae4.dir/link.txt --verbose=1
/usr/bin/gcc   -Wattributes -Werror CMakeFiles/cmTC_1aae4.dir/src.c.o -o cmTC_1aae4  -latomic 
gmake[1]: Leaving directory '/home/lauri/Documents/inteplas/build/CMakeFiles/CMakeTmp'


Source file was:
int foo() __attribute__((visibility("protected")));
                                int main() {return 0;}
Performing C SOURCE FILE Test HAVE_MSSE2_SWITCH succeeded with the following output:
Change Dir: /home/lauri/Documents/inteplas/build/CMakeFiles/CMakeTmp

Run Build Command(s):/usr/bin/gmake -f Makefile cmTC_11918/fast && /usr/bin/gmake  -f CMakeFiles/cmTC_11918.dir/build.make CMakeFiles/cmTC_11918.dir/build
gmake[1]: Entering directory '/home/lauri/Documents/inteplas/build/CMakeFiles/CMakeTmp'
Building C object CMakeFiles/cmTC_11918.dir/src.c.o
/usr/bin/gcc -DHAVE_MSSE2_SWITCH  -Werror   -msse2 -o CMakeFiles/cmTC_11918.dir/src.c.o -c /home/lauri/Documents/inteplas/build/CMakeFiles/CMakeTmp/src.c
Linking C executable cmTC_11918
/usr/bin/cmake -E cmake_link_script CMakeFiles/cmTC_11918.dir/link.txt --verbose=1
/usr/bin/gcc   -Werror CMakeFiles/cmTC_11918.dir/src.c.o -o cmTC_11918  -latomic 
gmake[1]: Leaving directory '/home/lauri/Documents/inteplas/build/CMakeFiles/CMakeTmp'


Source file was:
int main(void) { return 0; }
Determining if the include file xmmintrin.h exists passed with the following output:
Change Dir: /home/lauri/Documents/inteplas/build/CMakeFiles/CMakeTmp

Run Build Command(s):/usr/bin/gmake -f Makefile cmTC_e9a55/fast && /usr/bin/gmake  -f CMakeFiles/cmTC_e9a55.dir/build.make CMakeFiles/cmTC_e9a55.dir/build
gmake[1]: Entering directory '/home/lauri/Documents/inteplas/build/CMakeFiles/CMakeTmp'
Building C object CMakeFiles/cmTC_e9a55.dir/CheckIncludeFile.c.o
/usr/bin/gcc    -o CMakeFiles/cmTC_e9a55.dir/CheckIncludeFile.c.o -c /home/lauri/Documents/inteplas/build/CMakeFiles/CMakeTmp/CheckIncludeFile.c
Linking C executable cmTC_e9a55
/usr/bin/cmake -E cmake_link_script CMakeFiles/cmTC_e9a55.dir/link.txt --verbose=1
/usr/bin/gcc CMakeFiles/cmTC_e9a55.dir/CheckIncludeFile.c.o -o cmTC_e9a55  -latomic 
gmake[1]: Leaving directory '/home/lauri/Documents/inteplas/build/CMakeFiles/CMakeTmp'



Determining if the include file emmintrin.h exists passed with the following output:
Change Dir: /home/lauri/Documents/inteplas/build/CMakeFiles/CMakeTmp

Run Build Command(s):/usr/bin/gmake -f Makefile cmTC_ceabe/fast && /usr/bin/gmake  -f CMakeFiles/cmTC_ceabe.dir/build.make CMakeFiles/cmTC_ceabe.dir/build
gmake[1]: Entering directory '/home/lauri/Documents/inteplas/build/CMakeFiles/CMakeTmp'
Building C object CMakeFiles/cmTC_ceabe.dir/CheckIncludeFile.c.o
/usr/bin/gcc    -o CMakeFiles/cmTC_ceabe.dir/CheckIncludeFile.c.o -c /home/lauri/Documents/inteplas/build/CMakeFiles/CMakeTmp/CheckIncludeFile.c
Linking C executable cmTC_ceabe
/usr/bin/cmake -E cmake_link_script CMakeFiles/cmTC_ceabe.dir/link.txt --verbose=1
/usr/bin/gcc CMakeFiles/cmTC_ceabe.dir/CheckIncludeFile.c.o -o cmTC_ceabe  -latomic 
gmake[1]: Leaving directory '/home/lauri/Documents/inteplas/build/CMakeFiles/CMakeTmp'



Determining if the include file pmmintrin.h exists passed with the following output:
Change Dir: /home/lauri/Documents/inteplas/build/CMakeFiles/CMakeTmp

Run Build Command(s):/usr/bin/gmake -f Makefile cmTC_8fbbb/fast && /usr/bin/gmake  -f CMakeFiles/cmTC_8fbbb.dir/build.make CMakeFiles/cmTC_8fbbb.dir/build
gmake[1]: Entering directory '/home/lauri/Documents/inteplas/build/CMakeFiles/CMakeTmp'
Building C object CMakeFiles/cmTC_8fbbb.dir/CheckIncludeFile.c.o
/usr/bin/gcc    -o CMakeFiles/cmTC_8fbbb.dir/CheckIncludeFile.c.o -c /home/lauri/Documents/inteplas/build/CMakeFiles/CMakeTmp/CheckIncludeFile.c
Linking C executable cmTC_8fbbb
/usr/bin/cmake -E cmake_link_script CMakeFiles/cmTC_8fbbb.dir/link.txt --verbose=1
/usr/bin/gcc CMakeFiles/cmTC_8fbbb.dir/CheckIncludeFile.c.o -o cmTC_8fbbb  -latomic 
gmake[1]: Leaving directory '/home/lauri/Documents/inteplas/build/CMakeFiles/CMakeTmp'



Determining if the include file smmintrin.h exists passed with the following output:
Change Dir: /home/lauri/Documents/inteplas/build/CMakeFiles/CMakeTmp

Run Build Command(s):/usr/bin/gmake -f Makefile cmTC_4db15/fast && /usr/bin/gmake  -f CMakeFiles/cmTC_4db15.dir/build.make CMakeFiles/cmTC_4db15.dir/build
gmake[1]: Entering directory '/home/lauri/Documents/inteplas/build/CMakeFiles/CMakeTmp'
Building C object CMakeFiles/cmTC_4db15.dir/CheckIncludeFile.c.o
/usr/bin/gcc    -o CMakeFiles/cmTC_4db15.dir/CheckIncludeFile.c.o -c /home/lauri/Documents/inteplas/build/CMakeFiles/CMakeTmp/CheckIncludeFile.c
Linking C executable cmTC_4db15
/usr/bin/cmake -E cmake_link_script CMakeFiles/cmTC_4db15.dir/link.txt --verbose=1
/usr/bin/gcc CMakeFiles/cmTC_4db15.dir/CheckIncludeFile.c.o -o cmTC_4db15  -latomic 
gmake[1]: Leaving directory '/home/lauri/Documents/inteplas/build/CMakeFiles/CMakeTmp'



Performing C SOURCE FILE Test HAVE_SSE_INTRINSICS succeeded with the following output:
Change Dir: /home/lauri/Documents/inteplas/build/CMakeFiles/CMakeTmp

Run Build Command(s):/usr/bin/gmake -f Makefile cmTC_7b2ea/fast && /usr/bin/gmake  -f CMakeFiles/cmTC_7b2ea.dir/build.make CMakeFiles/cmTC_7b2ea.dir/build
gmake[1]: Entering directory '/home/lauri/Documents/inteplas/build/CMakeFiles/CMakeTmp'
Building C object CMakeFiles/cmTC_7b2ea.dir/src.c.o
/usr/bin/gcc -DHAVE_SSE_INTRINSICS   -o CMakeFiles/cmTC_7b2ea.dir/src.c.o -c /home/lauri/Documents/inteplas/build/CMakeFiles/CMakeTmp/src.c
Linking C executable cmTC_7b2ea
/usr/bin/cmake -E cmake_link_script CMakeFiles/cmTC_7b2ea.dir/link.txt --verbose=1
/usr/bin/gcc CMakeFiles/cmTC_7b2ea.dir/src.c.o -o cmTC_7b2ea  -latomic 
gmake[1]: Leaving directory '/home/lauri/Documents/inteplas/build/CMakeFiles/CMakeTmp'


Source file was:
#include <emmintrin.h>
        int main() {_mm_pause(); return 0;}
Determining if the include file cpuid.h exists passed with the following output:
Change Dir: /home/lauri/Documents/inteplas/build/CMakeFiles/CMakeTmp

Run Build Command(s):/usr/bin/gmake -f Makefile cmTC_8cc85/fast && /usr/bin/gmake  -f CMakeFiles/cmTC_8cc85.dir/build.make CMakeFiles/cmTC_8cc85.dir/build
gmake[1]: Entering directory '/home/lauri/Documents/inteplas/build/CMakeFiles/CMakeTmp'
Building C object CMakeFiles/cmTC_8cc85.dir/CheckIncludeFile.c.o
/usr/bin/gcc    -o CMakeFiles/cmTC_8cc85.dir/CheckIncludeFile.c.o -c /home/lauri/Documents/inteplas/build/CMakeFiles/CMakeTmp/CheckIncludeFile.c
Linking C executable cmTC_8cc85
/usr/bin/cmake -E cmake_link_script CMakeFiles/cmTC_8cc85.dir/link.txt --verbose=1
/usr/bin/gcc CMakeFiles/cmTC_8cc85.dir/CheckIncludeFile.c.o -o cmTC_8cc85  -latomic 
gmake[1]: Leaving directory '/home/lauri/Documents/inteplas/build/CMakeFiles/CMakeTmp'



Determining if the function pow exists in the m passed with the following output:
Change Dir: /home/lauri/Documents/inteplas/build/CMakeFiles/CMakeTmp

Run Build Command(s):/usr/bin/gmake -f Makefile cmTC_582b3/fast && /usr/bin/gmake  -f CMakeFiles/cmTC_582b3.dir/build.make CMakeFiles/cmTC_582b3.dir/build
gmake[1]: Entering directory '/home/lauri/Documents/inteplas/build/CMakeFiles/CMakeTmp'
Building C object CMakeFiles/cmTC_582b3.dir/CheckFunctionExists.c.o
/usr/bin/gcc   -DCHECK_FUNCTION_EXISTS=pow -o CMakeFiles/cmTC_582b3.dir/CheckFunctionExists.c.o -c /usr/share/cmake-3.22/Modules/CheckFunctionExists.c
<command-line>: warning: conflicting types for built-in function pow; expected double(double,  double) [-Wbuiltin-declaration-mismatch]
/usr/share/cmake-3.22/Modules/CheckFunctionExists.c:7:3: note: in expansion of macro CHECK_FUNCTION_EXISTS
    7 |   CHECK_FUNCTION_EXISTS(void);
      |   ^~~~~~~~~~~~~~~~~~~~~
/usr/share/cmake-3.22/Modules/CheckFunctionExists.c:1:1: note: pow is declared in header <math.h>
  +++ |+#include <math.h>
    1 | #ifdef CHECK_FUNCTION_EXISTS
Linking C executable cmTC_582b3
/usr/bin/cmake -E cmake_link_script CMakeFiles/cmTC_582b3.dir/link.txt --verbose=1
/usr/bin/gcc  -DCHECK_FUNCTION_EXISTS=pow CMakeFiles/cmTC_582b3.dir/CheckFunctionExists.c.o -o cmTC_582b3  -lm -latomic 
gmake[1]: Leaving directory '/home/lauri/Documents/inteplas/build/CMakeFiles/CMakeTmp'



Determining if the function clock_gettime exists in the rt passed with the following output:
Change Dir: /home/lauri/Documents/inteplas/build/CMakeFiles/CMakeTmp

Run Build Command(s):/usr/bin/gmake -f Makefile cmTC_796d4/fast && /usr/bin/gmake  -f CMakeFiles/cmTC_796d4.dir/build.make CMakeFiles/cmTC_796d4.dir/build
gmake[1]: Entering directory '/home/lauri/Documents/inteplas/build/CMakeFiles/CMakeTmp'
Building C object CMakeFiles/cmTC_796d4.dir/CheckFunctionExists.c.o
/usr/bin/gcc   -DCHECK_FUNCTION_EXISTS=clock_gettime -o CMakeFiles/cmTC_796d4.dir/CheckFunctionExists.c.o -c /usr/share/cmake-3.22/Modules/CheckFunctionExists.c
Linking C executable cmTC_796d4
/usr/bin/cmake -E cmake_link_script CMakeFiles/cmTC_796d4.dir/link.txt --verbose=1
/usr/bin/gcc  -DCHECK_FUNCTION_EXISTS=clock_gettime CMakeFiles/cmTC_796d4.dir/CheckFunctionExists.c.o -o cmTC_796d4  -lrt -latomic -lm 
gmake[1]: Leaving directory '/home/lauri/Documents/inteplas/build/CMakeFiles/CMakeTmp'



Determining if the include file dlfcn.h exists passed with the following output:
Change Dir: /home/lauri/Documents/inteplas/build/CMakeFiles/CMakeTmp

Run Build Command(s):/usr/bin/gmake -f Makefile cmTC_4d065/fast && /usr/bin/gmake  -f CMakeFiles/cmTC_4d065.dir/build.make CMakeFiles/cmTC_4d065.dir/build
gmake[1]: Entering directory '/home/lauri/Documents/inteplas/build/CMakeFiles/CMakeTmp'
Building C object CMakeFiles/cmTC_4d065.dir/CheckIncludeFile.c.o
/usr/bin/gcc    -o CMakeFiles/cmTC_4d065.dir/CheckIncludeFile.c.o -c /home/lauri/Documents/inteplas/build/CMakeFiles/CMakeTmp/CheckIncludeFile.c
Linking C executable cmTC_4d065
/usr/bin/cmake -E cmake_link_script CMakeFiles/cmTC_4d065.dir/link.txt --verbose=1
/usr/bin/gcc CMakeFiles/cmTC_4d065.dir/CheckIncludeFile.c.o -o cmTC_4d065  -latomic -lm 
gmake[1]: Leaving directory '/home/lauri/Documents/inteplas/build/CMakeFiles/CMakeTmp'



Determining if the function dlopen exists in the dl passed with the following output:
Change Dir: /home/lauri/Documents/inteplas/build/CMakeFiles/CMakeTmp

Run Build Command(s):/usr/bin/gmake -f Makefile cmTC_6b8dc/fast && /usr/bin/gmake  -f CMakeFiles/cmTC_6b8dc.dir/build.make CMakeFiles/cmTC_6b8dc.dir/build
gmake[1]: Entering directory '/home/lauri/Documents/inteplas/build/CMakeFiles/CMakeTmp'
Building C object CMakeFiles/cmTC_6b8dc.dir/CheckFunctionExists.c.o
/usr/bin/gcc   -DCHECK_FUNCTION_EXISTS=dlopen -o CMakeFiles/cmTC_6b8dc.dir/CheckFunctionExists.c.o -c /usr/share/cmake-3.22/Modules/CheckFunctionExists.c
Linking C executable cmTC_6b8dc
/usr/bin/cmake -E cmake_link_script CMakeFiles/cmTC_6b8dc.dir/link.txt --verbose=1
/usr/bin/gcc  -DCHECK_FUNCTION_EXISTS=dlopen CMakeFiles/cmTC_6b8dc.dir/CheckFunctionExists.c.o -o cmTC_6b8dc  -ldl -latomic -lm 
gmake[1]: Leaving directory '/home/lauri/Documents/inteplas/build/CMakeFiles/CMakeTmp'



Performing C SOURCE FILE Test HAVE_GCC_GET_CPUID succeeded with the following output:
Change Dir: /home/lauri/Documents/inteplas/build/CMakeFiles/CMakeTmp

Run Build Command(s):/usr/bin/gmake -f Makefile cmTC_e408f/fast && /usr/bin/gmake  -f CMakeFiles/cmTC_e408f.dir/build.make CMakeFiles/cmTC_e408f.dir/build
gmake[1]: Entering directory '/home/lauri/Documents/inteplas/build/CMakeFiles/CMakeTmp'
Building C object CMakeFiles/cmTC_e408f.dir/src.c.o
/usr/bin/gcc -DHAVE_GCC_GET_CPUID   -o CMakeFiles/cmTC_e408f.dir/src.c.o -c /home/lauri/Documents/inteplas/build/CMakeFiles/CMakeTmp/src.c
Linking C executable cmTC_e408f
/usr/bin/cmake -E cmake_link_script CMakeFiles/cmTC_e408f.dir/link.txt --verbose=1
/usr/bin/gcc CMakeFiles/cmTC_e408f.dir/src.c.o -o cmTC_e408f  -latomic -lm -ldl 
gmake[1]: Leaving directory '/home/lauri/Documents/inteplas/build/CMakeFiles/CMakeTmp'


Source file was:
#include <cpuid.h>
        int main()
        {
            unsigned int eax, ebx, ecx, edx;
            return __get_cpuid(0, &eax, &ebx, &ecx, &edx);
        }
Determining if the include file pthread.h exists passed with the following output:
Change Dir: /home/lauri/Documents/inteplas/build/CMakeFiles/CMakeTmp

Run Build Command(s):/usr/bin/gmake -f Makefile cmTC_f16a4/fast && /usr/bin/gmake  -f CMakeFiles/cmTC_f16a4.dir/build.make CMakeFiles/cmTC_f16a4.dir/build
gmake[1]: Entering directory '/home/lauri/Documents/inteplas/build/CMakeFiles/CMakeTmp'
Building C object CMakeFiles/cmTC_f16a4.dir/CheckIncludeFile.c.o
/usr/bin/gcc    -o CMakeFiles/cmTC_f16a4.dir/CheckIncludeFile.c.o -c /home/lauri/Documents/inteplas/build/CMakeFiles/CMakeTmp/CheckIncludeFile.c
Linking C executable cmTC_f16a4
/usr/bin/cmake -E cmake_link_script CMakeFiles/cmTC_f16a4.dir/link.txt --verbose=1
/usr/bin/gcc CMakeFiles/cmTC_f16a4.dir/CheckIncludeFile.c.o -o cmTC_f16a4  -latomic -lm -ldl 
gmake[1]: Leaving directory '/home/lauri/Documents/inteplas/build/CMakeFiles/CMakeTmp'



Performing C SOURCE FILE Test HAVE_PTHREAD succeeded with the following output:
Change Dir: /home/lauri/Documents/inteplas/build/CMakeFiles/CMakeTmp

Run Build Command(s):/usr/bin/gmake -f Makefile cmTC_1f664/fast && /usr/bin/gmake  -f CMakeFiles/cmTC_1f664.dir/build.make CMakeFiles/cmTC_1f664.dir/build
gmake[1]: Entering directory '/home/lauri/Documents/inteplas/build/CMakeFiles/CMakeTmp'
Building C object CMakeFiles/cmTC_1f664.dir/src.c.o
/usr/bin/gcc -DHAVE_PTHREAD  -pthread -o CMakeFiles/cmTC_1f664.dir/src.c.o -c /home/lauri/Documents/inteplas/build/CMakeFiles/CMakeTmp/src.c
Linking C executable cmTC_1f664
/usr/bin/cmake -E cmake_link_script CMakeFiles/cmTC_1f664.dir/link.txt --verbose=1
/usr/bin/gcc CMakeFiles/cmTC_1f664.dir/src.c.o -o cmTC_1f664  -latomic -lm -ldl 
gmake[1]: Leaving directory '/home/lauri/Documents/inteplas/build/CMakeFiles/CMakeTmp'


Source file was:
int main(void) { return 0; }
Determining if the pthread_setschedparam exist passed with the following output:
Change Dir: /home/lauri/Documents/inteplas/build/CMakeFiles/CMakeTmp

Run Build Command(s):/usr/bin/gmake -f Makefile cmTC_a4815/fast && /usr/bin/gmake  -f CMakeFiles/cmTC_a4815.dir/build.make CMakeFiles/cmTC_a4815.dir/build
gmake[1]: Entering directory '/home/lauri/Documents/inteplas/build/CMakeFiles/CMakeTmp'
Building C object CMakeFiles/cmTC_a4815.dir/CheckSymbolExists.c.o
/usr/bin/gcc   -pthread -o CMakeFiles/cmTC_a4815.dir/CheckSymbolExists.c.o -c /home/lauri/Documents/inteplas/build/CMakeFiles/CMakeTmp/CheckSymbolExists.c
Linking C executable cmTC_a4815
/usr/bin/cmake -E cmake_link_script CMakeFiles/cmTC_a4815.dir/link.txt --verbose=1
/usr/bin/gcc   -pthread CMakeFiles/cmTC_a4815.dir/CheckSymbolExists.c.o -o cmTC_a4815  -latomic -lm -ldl 
gmake[1]: Leaving directory '/home/lauri/Documents/inteplas/build/CMakeFiles/CMakeTmp'


File /home/lauri/Documents/inteplas/build/CMakeFiles/CMakeTmp/CheckSymbolExists.c:
/* */
#include <pthread.h>

int main(int argc, char** argv)
{
  (void)argv;
#ifndef pthread_setschedparam
  return ((int*)(&pthread_setschedparam))[argc];
#else
  (void)argc;
  return 0;
#endif
}
